#
# A fatal error has been detected by the Java Runtime Environment:
#
#  EXCEPTION_ACCESS_VIOLATION (0xc0000005) at pc=0x0000028615eebd50, pid=11432, tid=8740
#
# JRE version: OpenJDK Runtime Environment Temurin-21.0.3+9 (21.0.3+9) (build 21.0.3+9-LTS)
# Java VM: OpenJDK 64-Bit Server VM Temurin-21.0.3+9 (21.0.3+9-LTS, mixed mode, emulated-client, tiered, compressed oops, compressed class ptrs, g1 gc, windows-amd64)
# Problematic frame:
# J 19214 c1 java.nio.HeapByteBuffer.get(I)B java.base@21.0.3 (15 bytes) @ 0x0000028615eebd50 [0x0000028615eebcc0+0x0000000000000090]
#
# No core dump will be written. Minidumps are not enabled by default on client versions of Windows
#
# If you would like to submit a bug report, please visit:
#   https://github.com/adoptium/adoptium-support/issues
#

---------------  S U M M A R Y ------------

Command Line: -Dcom.sun.management.jmxremote -Dcom.sun.management.jmxremote.port=60162 -Dcom.sun.management.jmxremote.authenticate=false -Dcom.sun.management.jmxremote.ssl=false -Djava.rmi.server.hostname=localhost -Dspring.jmx.enabled=true -Dmanagement.endpoints.jmx.exposure.include=* -Dspring.application.admin.enabled=true -XX:TieredStopAtLevel=1 -Dspring.boot.project.name=Java_Sem4 -Dfile.encoding=UTF-8 -Dstdout.encoding=UTF-8 -Dstderr.encoding=UTF-8 -XX:+ShowCodeDetailsInExceptionMessages com.JavaSem4Application --spring.output.ansi.enabled=always

Host: AMD Ryzen 5 1400 Quad-Core Processor           , 8 cores, 3G,  Windows 10 , 64 bit Build 19041 (10.0.19041.5072)
Time: Tue Nov 26 15:48:07 2024 SE Asia Standard Time elapsed time: 2492.630593 seconds (0d 0h 41m 32s)

---------------  T H R E A D  ---------------

Current thread (0x0000028623477850):  JavaThread "http-nio-8080-exec-2" daemon [_thread_in_Java, id=8740, stack(0x000000bb0bd00000,0x000000bb0be00000) (1024K)]

Stack: [0x000000bb0bd00000,0x000000bb0be00000],  sp=0x000000bb0bdfed80,  free space=1019k
Native frames: (J=compiled Java code, j=interpreted, Vv=VM code, C=native code)
C  0x0000028615eebd50

The last pc belongs to nmethod (printed below).

siginfo: EXCEPTION_ACCESS_VIOLATION (0xc0000005), writing address 0x0000000041000000


Registers:
RAX=0x0000000041000000, RBX=0x00000000c410f9b8, RCX=0x00000000c410f9b8, RDX=0x00000000c4115b70
RSP=0x000000bb0bdfed80, RBP=0x000000bb0bdfefb0, RSI=0x0000000000000302, RDI=0x0000000000000000
R8 =0x000000000000026b, R9 =0x0000000000000033, R10=0x0000000100071ab8, R11=0x0000000000000020
R12=0x0000000000000000, R13=0x000000bb0bdfef60, R14=0x000000bb0bdff008, R15=0x0000028623477850
RIP=0x0000028615eebd50, EFLAGS=0x0000000000010216


Register to memory mapping:

RAX=0x0000000041000000 is an unknown value
RBX=0x00000000c410f9b8 is an oop: [B 
{0x00000000c410f9b8} - klass: {type array byte}
 - length: 16384
RCX=0x00000000c410f9b8 is an oop: [B 
{0x00000000c410f9b8} - klass: {type array byte}
 - length: 16384
RDX=0x00000000c4115b70 is an oop: java.nio.HeapByteBuffer 
{0x00000000c4115b70} - klass: 'java/nio/HeapByteBuffer'
 - ---- fields (total size 7 words):
 - private 'mark' 'I' @12  -1 (0xffffffff)
 - 'address' 'J' @16  16 (0x0000000000000010)
 - private 'position' 'I' @24  619 (0x0000026b)
 - private 'limit' 'I' @28  770 (0x00000302)
 - private final 'capacity' 'I' @32  16384 (0x00004000)
 - final 'segment' 'Ljava/lang/foreign/MemorySegment;' @36  null (0x00000000)
 - final 'offset' 'I' @40  0 (0x00000000)
 - 'isReadOnly' 'Z' @44  false (0x00)
 - 'bigEndian' 'Z' @45  true (0x01)
 - 'nativeByteOrder' 'Z' @46  false (0x00)
 - final 'hb' '[B' @48  [B{0x00000000c410f9b8} (0xc410f9b8)
RSP=0x000000bb0bdfed80 is pointing into the stack for thread: 0x0000028623477850
RBP=0x000000bb0bdfefb0 is pointing into the stack for thread: 0x0000028623477850
RSI=0x0000000000000302 is an unknown value
RDI=0x0 is null
R8 =0x000000000000026b is an unknown value
R9 =0x0000000000000033 is an unknown value
R10=0x0000000100071ab8 is a pointer to class: 
java.nio.HeapByteBuffer {0x0000000100071ac0}
 - instance size:     7
 - klass size:        149
 - access:            synchronized 
 - flags:             rewritten has_nonstatic_fields has_localvariable_table 
 - state:             fully_initialized
 - name:              'java/nio/HeapByteBuffer'
 - super:             'java/nio/ByteBuffer'
 - sub:               
 - arrays:            null
 - methods:           Array<T>(0x000002861d281540)
 - method ordering:   Array<T>(0x000002861d000018)
 - default_methods:   Array<T>(0x0000000000000000)
 - local interfaces:  Array<T>(0x000002861d000058)
 - trans. interfaces: Array<T>(0x000002861d253b70)
 - constants:         constant pool [360] {0x000002861d2808b8} for 'java/nio/HeapByteBuffer' cache=0x000002861d284aa0
 - class loader data:  loader data: 0x000002861212dfb0 of 'bootstrap'
 - source file:       'HeapByteBuffer.java'
 - class annotations:       Array<T>(0x0000000000000000)
 - class type annotations:  Array<T>(0x0000000000000000)
 - field annotations:       Array<T>(0x0000000000000000)
 - field type annotations:  Array<T>(0x0000000000000000)
 - inner classes:     Array<T>(0x000002861d000028)
 - nest members:     Array<T>(0x000002861d000028)
 - permitted subclasses:     Array<T>(0x000002861d284a60)
 - java mirror:       a 'java/lang/Class'{0x00000000c0fe2a98} = 'java/nio/HeapByteBuffer'
 - vtable length      85  (start addr: 0x0000000100071c80)
 - itable length      5 (start addr: 0x0000000100071f28)
 - ---- static fields (3 words):
 - private static final 'ARRAY_BASE_OFFSET' 'J' @112 
 - private static final 'ARRAY_INDEX_SCALE' 'J' @120 
 - static final synthetic '$assertionsDisabled' 'Z' @128 
 - ---- non-static fields (10 words):
 - private 'mark' 'I' @12 
 - 'address' 'J' @16 
 - private 'position' 'I' @24 
 - private 'limit' 'I' @28 
 - private final 'capacity' 'I' @32 
 - final 'segment' 'Ljava/lang/foreign/MemorySegment;' @36 
 - final 'offset' 'I' @40 
 - 'isReadOnly' 'Z' @44 
 - 'bigEndian' 'Z' @45 
 - 'nativeByteOrder' 'Z' @46 
 - final 'hb' '[B' @48 
 - non-static oop maps: 36-36 48-48 
R11=0x0000000000000020 is an unknown value
R12=0x0 is null
R13=0x000000bb0bdfef60 is pointing into the stack for thread: 0x0000028623477850
R14=0x000000bb0bdff008 is pointing into the stack for thread: 0x0000028623477850
R15=0x0000028623477850 is a thread

Top of Stack: (sp=0x000000bb0bdfed80)
0x000000bb0bdfed80:   0000026588d39199 00000000c4114030
0x000000bb0bdfed90:   000000bb0bdfefb0 0000028615d9200c
0x000000bb0bdfeda0:   00000000c411dd30 0000000000000001
0x000000bb0bdfedb0:   00000000c41e1b60 00000000c4115b70
0x000000bb0bdfedc0:   00000000c410f9b8 000000000000000a
0x000000bb0bdfedd0:   000000bb0bdfefb0 00000286166d9884
0x000000bb0bdfede0:   00000000c4115b18 00000000c18c0010
0x000000bb0bdfedf0:   000002861f147ac0 0000000000000000
0x000000bb0bdfee00:   000000bb0bdfee18 000000bb0bdfee70
0x000000bb0bdfee10:   0000028615ba8732 00000000c4115b18
0x000000bb0bdfee20:   00000000c5539bb0 00000000c4115b18
0x000000bb0bdfee30:   000000000000ea60 000000500000ea60
0x000000bb0bdfee40:   000000000000ea60 0000000000000000
0x000000bb0bdfee50:   0000000000000001 00000000c410f738
0x000000bb0bdfee60:   0000000300000000 00000000c4115b18
0x000000bb0bdfee70:   0000021100000218 00000000c410f9b8
0x000000bb0bdfee80:   0000000000000007 00000000c411c330
0x000000bb0bdfee90:   00000000c4114c38 00000000c4114c20
0x000000bb0bdfeea0:   00000000c4113ca0 00000000c4114e00
0x000000bb0bdfeeb0:   000000bb0bdfef48 0000028615eeea0b
0x000000bb0bdfeec0:   00000000c4114030 00000000c1a2a3f0
0x000000bb0bdfeed0:   000002861f172280 0000000000000000
0x000000bb0bdfeee0:   000000bb0bdfefb0 0000028616762b14
0x000000bb0bdfeef0:   00000000c1863a08 00000000c4113ca0
0x000000bb0bdfef00:   000000bb0bdfef00 000002861fd873d0
0x000000bb0bdfef10:   0000000000000003 000002861fd94930
0x000000bb0bdfef20:   0000000000000000 00000000c4115b18
0x000000bb0bdfef30:   000002861fd87490 0000000000000000
0x000000bb0bdfef40:   000000bb0bdfefb0 0000028615ba8732
0x000000bb0bdfef50:   000000bb0bdfefb0 0000028615ba885a
0x000000bb0bdfef60:   00000000c4115b18 000000bb0bdfef68
0x000000bb0bdfef70:   000002861fd8665c 000000000000000b 

Instructions: (pc=0x0000028615eebd50)
0x0000028615eebc50:   0e 4b 00 00 02 00 00 00 ff ff ff ff ff ff ff ff
0x0000028615eebc60:   01 02 00 00 00 02 9c b5 00 00 00 00 ad b5 01 01
0x0000028615eebc70:   0b 30 2b 31 0b 08 45 58 16 31 0d 31 05 31 05 31
0x0000028615eebc80:   0e 31 40 78 05 40 11 31 27 31 0a 00 00 31 03 7c
0x0000028615eebc90:   a7 2c 70 e0 f9 7f 05 38 0e 30 01 7c 82 ff 0d 48
0x0000028615eebca0:   0c 31 00 00 00 00 00 00 d4 02 03 13 dc 02 dc 02
0x0000028615eebcb0:   01 e9 02 04 06 8b 01 01 02 01 c3 1a 01 02 d2 02
0x0000028615eebcc0:   44 8b 52 08 49 c1 e2 03 4c 3b d0 0f 85 af 2a d0
0x0000028615eebcd0:   ff 0f 1f 84 00 00 00 00 00 0f 1f 80 00 00 00 00
0x0000028615eebce0:   89 84 24 00 80 ff ff 55 48 83 ec 50 41 81 7f 20
0x0000028615eebcf0:   b9 00 00 00 74 05 e8 25 90 ce ff 8b 42 30 8b 72
0x0000028615eebd00:   1c 48 bf d0 4c d1 c0 00 00 00 00 bf 00 00 00 00
0x0000028615eebd10:   44 3b c7 0f 8c 3b 00 00 00 44 3b c6 0f 8d 3f 00
0x0000028615eebd20:   00 00 8b 72 28 44 03 c6 44 3b 40 0c 0f 83 46 00
0x0000028615eebd30:   00 00 4d 63 c0 42 0f be 44 00 10 c1 e0 18 c1 f8
0x0000028615eebd40:   18 48 83 c4 50 5d 49 3b a7 50 04 00 00 0f 87 33
0x0000028615eebd50:   00 00 00 c3 48 c7 04 24 e4 ff ff ff e8 1f 77 db
0x0000028615eebd60:   ff 48 c7 04 24 e4 ff ff ff e8 12 77 db ff e8 0d
0x0000028615eebd70:   3e db ff e8 08 3e db ff 4c 89 04 24 48 89 44 24
0x0000028615eebd80:   08 e8 fa 34 db ff 49 ba 46 bd ee 15 86 02 00 00
0x0000028615eebd90:   4d 89 97 68 04 00 00 e9 64 99 d0 ff 49 8b 87 00
0x0000028615eebda0:   05 00 00 49 c7 87 00 05 00 00 00 00 00 00 49 c7
0x0000028615eebdb0:   87 08 05 00 00 00 00 00 00 48 83 c4 50 5d e9 bd
0x0000028615eebdc0:   2e db ff f4 f4 f4 f4 f4 e8 b3 5b db ff 48 b9 70
0x0000028615eebdd0:   e0 a7 2c f9 7f 00 00 48 83 e4 f0 48 b8 60 f6 6a
0x0000028615eebde0:   2c f9 7f 00 00 ff d0 f4 49 ba e8 bd ee 15 86 02
0x0000028615eebdf0:   00 00 41 52 e9 a7 8b d0 ff f4 f4 f4 f4 f4 f4 f4
0x0000028615eebe00:   d0 4c d1 c0 00 00 00 00 20 20 28 1d 86 02 00 00
0x0000028615eebe10:   10 6c 13 1d 86 02 00 00 b8 1a 07 00 01 00 00 00
0x0000028615eebe20:   ff 03 01 01 01 01 03 01 13 01 93 01 02 09 02 07
0x0000028615eebe30:   01 04 01 d4 06 01 d4 04 03 02 0c 03 0a 02 12 01
0x0000028615eebe40:   01 02 0f 02 01 01 10 c0 ff ff ff ff 00 00 00 00 


Stack slot to memory mapping:

stack at sp + 0 slots: 0x0000026588d39199 is an unknown value
stack at sp + 1 slots: 0x00000000c4114030 is an oop: org.apache.tomcat.util.http.MimeHeaders 
{0x00000000c4114030} - klass: 'org/apache/tomcat/util/http/MimeHeaders'
 - ---- fields (total size 3 words):
 - private 'count' 'I' @12  11 (0x0000000b)
 - private 'limit' 'I' @16  100 (0x00000064)
 - private 'headers' '[Lorg/apache/tomcat/util/http/MimeHeaderField;' @20  a 'org/apache/tomcat/util/http/MimeHeaderField'[32] {0x00000000c4114048} (0xc4114048)
stack at sp + 2 slots: 0x000000bb0bdfefb0 is pointing into the stack for thread: 0x0000028623477850
stack at sp + 3 slots: 0x0000028615d9200c is at entry_point+76 in (nmethod*)0x0000028615d91e10
Compiled method (c1) 2492819 9276       1       java.nio.ByteBuffer::position (8 bytes)
 total in heap  [0x0000028615d91e10,0x0000028615d92108] = 760
 relocation     [0x0000028615d91f70,0x0000028615d91fa8] = 56
 main code      [0x0000028615d91fc0,0x0000028615d92070] = 176
 stub code      [0x0000028615d92070,0x0000028615d920b8] = 72
 metadata       [0x0000028615d920b8,0x0000028615d920c0] = 8
 scopes data    [0x0000028615d920c0,0x0000028615d920d0] = 16
 scopes pcs     [0x0000028615d920d0,0x0000028615d92100] = 48
 dependencies   [0x0000028615d92100,0x0000028615d92108] = 8
stack at sp + 4 slots: 0x00000000c411dd30 is an oop: java.util.concurrent.locks.AbstractQueuedSynchronizer$ConditionObject 
{0x00000000c411dd30} - klass: 'java/util/concurrent/locks/AbstractQueuedSynchronizer$ConditionObject'
 - ---- fields (total size 3 words):
 - private transient 'firstWaiter' 'Ljava/util/concurrent/locks/AbstractQueuedSynchronizer$ConditionNode;' @12  a 'java/util/concurrent/locks/AbstractQueuedSynchronizer$ConditionNode'{0x00000000c4b59be8} (0xc4b59be8)
 - private transient 'lastWaiter' 'Ljava/util/concurrent/locks/AbstractQueuedSynchronizer$ConditionNode;' @16  a 'java/util/concurrent/locks/AbstractQueuedSynchronizer$ConditionNode'{0x00000000c4a8b490} (0xc4a8b490)
 - final synthetic 'this$0' 'Ljava/util/concurrent/locks/AbstractQueuedSynchronizer;' @20  a 'java/util/concurrent/locks/ReentrantLock$NonfairSync'{0x00000000c41e1b60} (0xc41e1b60)
stack at sp + 5 slots: 0x0000000000000001 is an unknown value
stack at sp + 6 slots: 0x00000000c41e1b60 is an oop: java.util.concurrent.locks.ReentrantLock$NonfairSync 
{0x00000000c41e1b60} - klass: 'java/util/concurrent/locks/ReentrantLock$NonfairSync'
 - ---- fields (total size 4 words):
 - private transient 'exclusiveOwnerThread' 'Ljava/lang/Thread;' @12  null (0x00000000)
 - private volatile 'state' 'I' @16  0 (0x00000000)
 - private volatile transient 'head' 'Ljava/util/concurrent/locks/AbstractQueuedSynchronizer$Node;' @20  a 'java/util/concurrent/locks/AbstractQueuedSynchronizer$ConditionNode'{0x00000000c4bf69a8} (0xc4bf69a8)
 - private volatile transient 'tail' 'Ljava/util/concurrent/locks/AbstractQueuedSynchronizer$Node;' @24  a 'java/util/concurrent/locks/AbstractQueuedSynchronizer$ConditionNode'{0x00000000c4bf69a8} (0xc4bf69a8)
stack at sp + 7 slots: 0x00000000c4115b70 is an oop: java.nio.HeapByteBuffer 
{0x00000000c4115b70} - klass: 'java/nio/HeapByteBuffer'
 - ---- fields (total size 7 words):
 - private 'mark' 'I' @12  -1 (0xffffffff)
 - 'address' 'J' @16  16 (0x0000000000000010)
 - private 'position' 'I' @24  619 (0x0000026b)
 - private 'limit' 'I' @28  770 (0x00000302)
 - private final 'capacity' 'I' @32  16384 (0x00004000)
 - final 'segment' 'Ljava/lang/foreign/MemorySegment;' @36  null (0x00000000)
 - final 'offset' 'I' @40  0 (0x00000000)
 - 'isReadOnly' 'Z' @44  false (0x00)
 - 'bigEndian' 'Z' @45  true (0x01)
 - 'nativeByteOrder' 'Z' @46  false (0x00)
 - final 'hb' '[B' @48  [B{0x00000000c410f9b8} (0xc410f9b8)


Compiled method (c1) 2492872 19214       1       java.nio.HeapByteBuffer::get (15 bytes)
 total in heap  [0x0000028615eebb10,0x0000028615eebed8] = 968
 relocation     [0x0000028615eebc70,0x0000028615eebca8] = 56
 main code      [0x0000028615eebcc0,0x0000028615eebdc8] = 264
 stub code      [0x0000028615eebdc8,0x0000028615eebe00] = 56
 oops           [0x0000028615eebe00,0x0000028615eebe08] = 8
 metadata       [0x0000028615eebe08,0x0000028615eebe20] = 24
 scopes data    [0x0000028615eebe20,0x0000028615eebe48] = 40
 scopes pcs     [0x0000028615eebe48,0x0000028615eebeb8] = 112
 dependencies   [0x0000028615eebeb8,0x0000028615eebec0] = 8
 nul chk table  [0x0000028615eebec0,0x0000028615eebed8] = 24

[Constant Pool (empty)]

[MachCode]
[Entry Point]
  # {method} {0x000002861d282028} 'get' '(I)B' in 'java/nio/HeapByteBuffer'
  # this:     rdx:rdx   = 'java/nio/HeapByteBuffer'
  # parm0:    r8        = int
  #           [sp+0x60]  (sp of caller)
  0x0000028615eebcc0: 448b 5208 | 49c1 e203 

  0x0000028615eebcc8: ;   {runtime_call ic_miss_stub}
  0x0000028615eebcc8: 4c3b d00f | 85af 2ad0 | ff0f 1f84 | 0000 0000 | 000f 1f80 | 0000 0000 
[Verified Entry Point]
  0x0000028615eebce0: 8984 2400 | 80ff ff55 | 4883 ec50 | 4181 7f20 | b900 0000 

  0x0000028615eebcf4: ;   {runtime_call StubRoutines (final stubs)}
  0x0000028615eebcf4: 7405 e825 | 90ce ff8b | 4230 8b72 

  0x0000028615eebd00: ;   {oop(a 'jdk/internal/util/Preconditions$4'{0x00000000c0d14cd0})}
  0x0000028615eebd00: 1c48 bfd0 | 4cd1 c000 | 0000 00bf | 0000 0000 | 443b c70f | 8c3b 0000 | 0044 3bc6 | 0f8d 3f00 
  0x0000028615eebd20: 0000 8b72 | 2844 03c6 

  0x0000028615eebd28: ; implicit exception: dispatches to 0x0000028615eebd6e
  0x0000028615eebd28: 443b 400c | 0f83 4600 | 0000 4d63 | c042 0fbe | 4400 10c1 | e018 c1f8 | 1848 83c4 

  0x0000028615eebd44: ;   {poll_return}
  0x0000028615eebd44: 505d 493b | a750 0400 | 000f 8733 | 0000 00c3 | 48c7 0424 | e4ff ffff 

  0x0000028615eebd5c: ;   {runtime_call deoptimize Runtime1 stub}
  0x0000028615eebd5c: e81f 77db 

  0x0000028615eebd60: ; ImmutableOopMap {rdx=Oop rax=Oop }
                      ;*invokestatic checkIndex {reexecute=0 rethrow=0 return_oop=0}
                      ; - java.nio.Buffer::checkIndex@8 (line 768)
                      ; - java.nio.HeapByteBuffer::get@7 (line 176)
  0x0000028615eebd60: ff48 c704 | 24e4 ffff 

  0x0000028615eebd68: ;   {runtime_call deoptimize Runtime1 stub}
  0x0000028615eebd68: ffe8 1277 

  0x0000028615eebd6c: ; ImmutableOopMap {rdx=Oop rax=Oop }
                      ;*invokestatic checkIndex {reexecute=0 rethrow=0 return_oop=0}
                      ; - java.nio.Buffer::checkIndex@8 (line 768)
                      ; - java.nio.HeapByteBuffer::get@7 (line 176)
                      ;   {runtime_call throw_null_pointer_exception Runtime1 stub}
  0x0000028615eebd6c: dbff e80d 

  0x0000028615eebd70: ; ImmutableOopMap {rax=Oop }
                      ;*baload {reexecute=0 rethrow=0 return_oop=0}
                      ; - java.nio.HeapByteBuffer::get@13 (line 176)
                      ;   {runtime_call throw_null_pointer_exception Runtime1 stub}
  0x0000028615eebd70: 3edb ffe8 

  0x0000028615eebd74: ; ImmutableOopMap {rax=Oop }
                      ;*baload {reexecute=0 rethrow=0 return_oop=0}
                      ; - java.nio.HeapByteBuffer::get@13 (line 176)
  0x0000028615eebd74: 083e dbff | 4c89 0424 | 4889 4424 

  0x0000028615eebd80: ;   {runtime_call throw_range_check_failed Runtime1 stub}
  0x0000028615eebd80: 08e8 fa34 

  0x0000028615eebd84: ; ImmutableOopMap {rax=Oop }
                      ;*baload {reexecute=0 rethrow=0 return_oop=0}
                      ; - java.nio.HeapByteBuffer::get@13 (line 176)
                      ;   {internal_word}
  0x0000028615eebd84: dbff 49ba | 46bd ee15 | 8602 0000 | 4d89 9768 

  0x0000028615eebd94: ;   {runtime_call SafepointBlob}
  0x0000028615eebd94: 0400 00e9 | 6499 d0ff | 498b 8700 | 0500 0049 | c787 0005 | 0000 0000 | 0000 49c7 | 8708 0500 
  0x0000028615eebdb4: 0000 0000 | 0048 83c4 

  0x0000028615eebdbc: ;   {runtime_call unwind_exception Runtime1 stub}
  0x0000028615eebdbc: 505d e9bd | 2edb fff4 | f4f4 f4f4 
[Exception Handler]
  0x0000028615eebdc8: ;   {no_reloc}
  0x0000028615eebdc8: e8b3 5bdb 

  0x0000028615eebdcc: ;   {external_word}
  0x0000028615eebdcc: ff48 b970 | e0a7 2cf9 | 7f00 0048 

  0x0000028615eebdd8: ;   {runtime_call}
  0x0000028615eebdd8: 83e4 f048 | b860 f66a | 2cf9 7f00 | 00ff d0f4 
[Deopt Handler Code]
  0x0000028615eebde8: ;   {section_word}
  0x0000028615eebde8: 49ba e8bd | ee15 8602 | 0000 4152 

  0x0000028615eebdf4: ;   {runtime_call DeoptimizationBlob}
  0x0000028615eebdf4: e9a7 8bd0 | fff4 f4f4 | f4f4 f4f4 
[/MachCode]


---------------  P R O C E S S  ---------------

Threads class SMR info:
_java_thread_list=0x0000028623a99990, length=37, elements={
0x0000028621031720, 0x00000286210326f0, 0x000002861cb44b20, 0x000002861cb45190,
0x000002861cb42540, 0x000002861cb42fa0, 0x0000028621008090, 0x0000028612154d90,
0x000002862124d490, 0x0000028621a2d820, 0x0000028621a330c0, 0x0000028621a6b140,
0x000002862208e200, 0x0000028622079fe0, 0x00000286220bfaf0, 0x000002862347b360,
0x00000286234771c0, 0x00000286220c0810, 0x00000286220bda20, 0x00000286220c0ea0,
0x00000286220be0b0, 0x00000286220be740, 0x0000028623479920, 0x000002862347c710,
0x0000028623477850, 0x0000028623477ee0, 0x0000028623479fb0, 0x0000028623475780,
0x0000028623478c00, 0x000002862347a640, 0x00000286234764a0, 0x000002862347acd0,
0x0000028623476b30, 0x000002862347c080, 0x000002862347b9f0, 0x0000028623901870,
0x0000028623936d80
}

Java Threads: ( => current thread )
  0x0000028621031720 JavaThread "Reference Handler"          daemon [_thread_blocked, id=10984, stack(0x000000bb09d00000,0x000000bb09e00000) (1024K)]
  0x00000286210326f0 JavaThread "Finalizer"                  daemon [_thread_blocked, id=3064, stack(0x000000bb09e00000,0x000000bb09f00000) (1024K)]
  0x000002861cb44b20 JavaThread "Signal Dispatcher"          daemon [_thread_blocked, id=13244, stack(0x000000bb09f00000,0x000000bb0a000000) (1024K)]
  0x000002861cb45190 JavaThread "Attach Listener"            daemon [_thread_blocked, id=7828, stack(0x000000bb0a000000,0x000000bb0a100000) (1024K)]
  0x000002861cb42540 JavaThread "Service Thread"             daemon [_thread_blocked, id=13064, stack(0x000000bb0a100000,0x000000bb0a200000) (1024K)]
  0x000002861cb42fa0 JavaThread "Monitor Deflation Thread"   daemon [_thread_blocked, id=5940, stack(0x000000bb0a200000,0x000000bb0a300000) (1024K)]
  0x0000028621008090 JavaThread "C1 CompilerThread0"         daemon [_thread_blocked, id=11744, stack(0x000000bb0a300000,0x000000bb0a400000) (1024K)]
  0x0000028612154d90 JavaThread "Common-Cleaner"             daemon [_thread_blocked, id=9228, stack(0x000000bb0a400000,0x000000bb0a500000) (1024K)]
  0x000002862124d490 JavaThread "Notification Thread"        daemon [_thread_blocked, id=1292, stack(0x000000bb0a600000,0x000000bb0a700000) (1024K)]
  0x0000028621a2d820 JavaThread "RMI TCP Accept-0"           daemon [_thread_in_native, id=2832, stack(0x000000bb0a900000,0x000000bb0aa00000) (1024K)]
  0x0000028621a330c0 JavaThread "RMI TCP Accept-60162"       daemon [_thread_in_native, id=6348, stack(0x000000bb0aa00000,0x000000bb0ab00000) (1024K)]
  0x0000028621a6b140 JavaThread "RMI TCP Accept-0"           daemon [_thread_in_native, id=11896, stack(0x000000bb0ab00000,0x000000bb0ac00000) (1024K)]
  0x000002862208e200 JavaThread "RMI Scheduler(0)"           daemon [_thread_blocked, id=11680, stack(0x000000bb0b600000,0x000000bb0b700000) (1024K)]
  0x0000028622079fe0 JavaThread "RMI TCP Connection(idle)"   daemon [_thread_blocked, id=1016, stack(0x000000bb0b700000,0x000000bb0b800000) (1024K)]
  0x00000286220bfaf0 JavaThread "JMX server connection timeout 38" daemon [_thread_blocked, id=10096, stack(0x000000bb0b800000,0x000000bb0b900000) (1024K)]
  0x000002862347b360 JavaThread "Live Reload Server"         daemon [_thread_in_native, id=1860, stack(0x000000bb0c300000,0x000000bb0c400000) (1024K)]
  0x00000286234771c0 JavaThread "DestroyJavaVM"                     [_thread_blocked, id=6396, stack(0x000000bb09500000,0x000000bb09600000) (1024K)]
  0x00000286220c0810 JavaThread "Catalina-utility-1"                [_thread_blocked, id=3844, stack(0x000000bb0a800000,0x000000bb0a900000) (1024K)]
  0x00000286220bda20 JavaThread "Catalina-utility-2"                [_thread_blocked, id=6236, stack(0x000000bb0b300000,0x000000bb0b400000) (1024K)]
  0x00000286220c0ea0 JavaThread "container-0"                       [_thread_blocked, id=5180, stack(0x000000bb0b400000,0x000000bb0b500000) (1024K)]
  0x00000286220be0b0 JavaThread "mssql-jdbc-shared-timer-core-3" daemon [_thread_blocked, id=6032, stack(0x000000bb0b500000,0x000000bb0b600000) (1024K)]
  0x00000286220be740 JavaThread "HikariPool-3 housekeeper"   daemon [_thread_blocked, id=9160, stack(0x000000bb0ba00000,0x000000bb0bb00000) (1024K)]
  0x0000028623479920 JavaThread "File Watcher"               daemon [_thread_in_native, id=11876, stack(0x000000bb0bb00000,0x000000bb0bc00000) (1024K)]
  0x000002862347c710 JavaThread "http-nio-8080-exec-1"       daemon [_thread_blocked, id=4132, stack(0x000000bb0bc00000,0x000000bb0bd00000) (1024K)]
=>0x0000028623477850 JavaThread "http-nio-8080-exec-2"       daemon [_thread_in_Java, id=8740, stack(0x000000bb0bd00000,0x000000bb0be00000) (1024K)]
  0x0000028623477ee0 JavaThread "http-nio-8080-exec-3"       daemon [_thread_blocked, id=9332, stack(0x000000bb0be00000,0x000000bb0bf00000) (1024K)]
  0x0000028623479fb0 JavaThread "http-nio-8080-exec-4"       daemon [_thread_blocked, id=12820, stack(0x000000bb0bf00000,0x000000bb0c000000) (1024K)]
  0x0000028623475780 JavaThread "http-nio-8080-exec-5"       daemon [_thread_blocked, id=6760, stack(0x000000bb0c000000,0x000000bb0c100000) (1024K)]
  0x0000028623478c00 JavaThread "http-nio-8080-exec-6"       daemon [_thread_blocked, id=12260, stack(0x000000bb0c100000,0x000000bb0c200000) (1024K)]
  0x000002862347a640 JavaThread "http-nio-8080-exec-7"       daemon [_thread_blocked, id=5872, stack(0x000000bb0c200000,0x000000bb0c300000) (1024K)]
  0x00000286234764a0 JavaThread "http-nio-8080-exec-8"       daemon [_thread_blocked, id=4644, stack(0x000000bb0c400000,0x000000bb0c500000) (1024K)]
  0x000002862347acd0 JavaThread "http-nio-8080-exec-9"       daemon [_thread_blocked, id=5420, stack(0x000000bb0c500000,0x000000bb0c600000) (1024K)]
  0x0000028623476b30 JavaThread "http-nio-8080-exec-10"      daemon [_thread_blocked, id=10152, stack(0x000000bb0c600000,0x000000bb0c700000) (1024K)]
  0x000002862347c080 JavaThread "http-nio-8080-Poller"       daemon [_thread_in_native, id=10468, stack(0x000000bb0c700000,0x000000bb0c800000) (1024K)]
  0x000002862347b9f0 JavaThread "http-nio-8080-Acceptor"     daemon [_thread_in_native, id=3212, stack(0x000000bb0c800000,0x000000bb0c900000) (1024K)]
  0x0000028623901870 JavaThread "C1 CompilerThread1"         daemon [_thread_blocked, id=3828, stack(0x000000bb09200000,0x000000bb09300000) (1024K)]
  0x0000028623936d80 JavaThread "C1 CompilerThread2"         daemon [_thread_blocked, id=416, stack(0x000000bb09300000,0x000000bb09400000) (1024K)]
Total: 37

Other Threads:
  0x000002861cab0310 VMThread "VM Thread"                           [id=2668, stack(0x000000bb09c00000,0x000000bb09d00000) (1024K)]
  0x00000286121540f0 WatcherThread "VM Periodic Task Thread"        [id=9668, stack(0x000000bb09b00000,0x000000bb09c00000) (1024K)]
  0x00000286120d1750 WorkerThread "GC Thread#0"                     [id=13192, stack(0x000000bb09600000,0x000000bb09700000) (1024K)]
  0x0000028621bbdf10 WorkerThread "GC Thread#1"                     [id=11136, stack(0x000000bb0ac00000,0x000000bb0ad00000) (1024K)]
  0x0000028621f256e0 WorkerThread "GC Thread#2"                     [id=12560, stack(0x000000bb0ad00000,0x000000bb0ae00000) (1024K)]
  0x0000028621f25a80 WorkerThread "GC Thread#3"                     [id=5028, stack(0x000000bb0ae00000,0x000000bb0af00000) (1024K)]
  0x0000028621f26430 WorkerThread "GC Thread#4"                     [id=2908, stack(0x000000bb0af00000,0x000000bb0b000000) (1024K)]
  0x0000028621f267d0 WorkerThread "GC Thread#5"                     [id=11172, stack(0x000000bb0b000000,0x000000bb0b100000) (1024K)]
  0x0000028621f26b70 WorkerThread "GC Thread#6"                     [id=2060, stack(0x000000bb0b100000,0x000000bb0b200000) (1024K)]
  0x0000028621f26f10 WorkerThread "GC Thread#7"                     [id=13032, stack(0x000000bb0b200000,0x000000bb0b300000) (1024K)]
  0x00000286120dbe20 ConcurrentGCThread "G1 Main Marker"            [id=9044, stack(0x000000bb09700000,0x000000bb09800000) (1024K)]
  0x00000286120dc830 WorkerThread "G1 Conc#0"                       [id=12032, stack(0x000000bb09800000,0x000000bb09900000) (1024K)]
  0x000002862213f6c0 WorkerThread "G1 Conc#1"                       [id=1432, stack(0x000000bb0b900000,0x000000bb0ba00000) (1024K)]
  0x00000286121436f0 ConcurrentGCThread "G1 Refine#0"               [id=12092, stack(0x000000bb09900000,0x000000bb09a00000) (1024K)]
  0x0000028612144170 ConcurrentGCThread "G1 Service"                [id=11988, stack(0x000000bb09a00000,0x000000bb09b00000) (1024K)]
Total: 15

Threads with active compile tasks:
Total: 0

VM state: not at safepoint (normal execution)

VM Mutex/Monitor currently owned by a thread: None

Heap address: 0x00000000c0c00000, size: 1012 MB, Compressed Oops mode: 32-bit

CDS archive(s) not mapped
Compressed class space mapped at: 0x0000000100000000-0x0000000140000000, reserved size: 1073741824
Narrow klass base: 0x0000000000000000, Narrow klass shift: 3, Narrow klass range: 0x140000000

GC Precious Log:
 CardTable entry size: 512
 Card Set container configuration: InlinePtr #cards 5 size 8 Array Of Cards #cards 12 size 40 Howl #buckets 4 coarsen threshold 1843 Howl Bitmap #cards 512 size 80 coarsen threshold 460 Card regions per heap region 1 cards per card region 2048
 CPUs: 8 total, 8 available
 Memory: 4047M
 Large Page Support: Disabled
 NUMA Support: Disabled
 Compressed Oops: Enabled (32-bit)
 Heap Region Size: 1M
 Heap Min Capacity: 8M
 Heap Initial Capacity: 64M
 Heap Max Capacity: 1012M
 Pre-touch: Disabled
 Parallel Workers: 8
 Concurrent Workers: 2
 Concurrent Refinement Workers: 8
 Periodic GC: Disabled

Heap:
 garbage-first heap   total 102400K, used 77824K [0x00000000c0c00000, 0x0000000100000000)
  region size 1024K, 42 young (43008K), 4 survivors (4096K)
 Metaspace       used 60951K, committed 61888K, reserved 1114112K
  class space    used 7441K, committed 7872K, reserved 1048576K

Heap Regions: E=young(eden), S=young(survivor), O=old, HS=humongous(starts), HC=humongous(continues), CS=collection set, F=free, TAMS=top-at-mark-start, PB=parsable bottom
|   0|0x00000000c0c00000, 0x00000000c0d00000, 0x00000000c0d00000|100%| O|  |TAMS 0x00000000c0c00000| PB 0x00000000c0c00000| Untracked 
|   1|0x00000000c0d00000, 0x00000000c0dffff8, 0x00000000c0e00000| 99%| O|  |TAMS 0x00000000c0d00000| PB 0x00000000c0d00000| Untracked 
|   2|0x00000000c0e00000, 0x00000000c0effff0, 0x00000000c0f00000| 99%| O|  |TAMS 0x00000000c0e00000| PB 0x00000000c0e00000| Untracked 
|   3|0x00000000c0f00000, 0x00000000c1000000, 0x00000000c1000000|100%| O|  |TAMS 0x00000000c0f00000| PB 0x00000000c0f00000| Untracked 
|   4|0x00000000c1000000, 0x00000000c10ffff8, 0x00000000c1100000| 99%| O|  |TAMS 0x00000000c1000000| PB 0x00000000c1000000| Untracked 
|   5|0x00000000c1100000, 0x00000000c1200000, 0x00000000c1200000|100%| O|  |TAMS 0x00000000c1100000| PB 0x00000000c1100000| Untracked 
|   6|0x00000000c1200000, 0x00000000c12fe018, 0x00000000c1300000| 99%| O|  |TAMS 0x00000000c1200000| PB 0x00000000c1200000| Untracked 
|   7|0x00000000c1300000, 0x00000000c13ffff0, 0x00000000c1400000| 99%| O|  |TAMS 0x00000000c1300000| PB 0x00000000c1300000| Untracked 
|   8|0x00000000c1400000, 0x00000000c14ffff8, 0x00000000c1500000| 99%| O|  |TAMS 0x00000000c1400000| PB 0x00000000c1400000| Untracked 
|   9|0x00000000c1500000, 0x00000000c15fffd8, 0x00000000c1600000| 99%| O|  |TAMS 0x00000000c1500000| PB 0x00000000c1500000| Untracked 
|  10|0x00000000c1600000, 0x00000000c16ffff8, 0x00000000c1700000| 99%| O|  |TAMS 0x00000000c1600000| PB 0x00000000c1600000| Untracked 
|  11|0x00000000c1700000, 0x00000000c17ffff8, 0x00000000c1800000| 99%| O|  |TAMS 0x00000000c1700000| PB 0x00000000c1700000| Untracked 
|  12|0x00000000c1800000, 0x00000000c18ffff8, 0x00000000c1900000| 99%| O|  |TAMS 0x00000000c1800000| PB 0x00000000c1800000| Untracked 
|  13|0x00000000c1900000, 0x00000000c1a00000, 0x00000000c1a00000|100%| O|  |TAMS 0x00000000c1900000| PB 0x00000000c1900000| Untracked 
|  14|0x00000000c1a00000, 0x00000000c1afffd8, 0x00000000c1b00000| 99%| O|  |TAMS 0x00000000c1a00000| PB 0x00000000c1a00000| Untracked 
|  15|0x00000000c1b00000, 0x00000000c1bffff8, 0x00000000c1c00000| 99%| O|  |TAMS 0x00000000c1b00000| PB 0x00000000c1b00000| Untracked 
|  16|0x00000000c1c00000, 0x00000000c1cfffd8, 0x00000000c1d00000| 99%| O|  |TAMS 0x00000000c1c00000| PB 0x00000000c1c00000| Untracked 
|  17|0x00000000c1d00000, 0x00000000c1dff1d8, 0x00000000c1e00000| 99%| O|  |TAMS 0x00000000c1d00000| PB 0x00000000c1d00000| Untracked 
|  18|0x00000000c1e00000, 0x00000000c1f00000, 0x00000000c1f00000|100%| O|  |TAMS 0x00000000c1e00000| PB 0x00000000c1e00000| Untracked 
|  19|0x00000000c1f00000, 0x00000000c1ffff90, 0x00000000c2000000| 99%| O|  |TAMS 0x00000000c1f00000| PB 0x00000000c1f00000| Untracked 
|  20|0x00000000c2000000, 0x00000000c20812a8, 0x00000000c2100000| 50%| O|  |TAMS 0x00000000c2000000| PB 0x00000000c2000000| Untracked 
|  21|0x00000000c2100000, 0x00000000c2100000, 0x00000000c2200000|  0%| F|  |TAMS 0x00000000c2100000| PB 0x00000000c2100000| Untracked 
|  22|0x00000000c2200000, 0x00000000c22fff98, 0x00000000c2300000| 99%| O|  |TAMS 0x00000000c2200000| PB 0x00000000c2200000| Untracked 
|  23|0x00000000c2300000, 0x00000000c2400000, 0x00000000c2400000|100%| O|  |TAMS 0x00000000c2300000| PB 0x00000000c2300000| Untracked 
|  24|0x00000000c2400000, 0x00000000c24ffff8, 0x00000000c2500000| 99%| O|  |TAMS 0x00000000c2400000| PB 0x00000000c2400000| Untracked 
|  25|0x00000000c2500000, 0x00000000c2600000, 0x00000000c2600000|100%| O|  |TAMS 0x00000000c2500000| PB 0x00000000c2500000| Untracked 
|  26|0x00000000c2600000, 0x00000000c2600000, 0x00000000c2700000|  0%| F|  |TAMS 0x00000000c2600000| PB 0x00000000c2600000| Untracked 
|  27|0x00000000c2700000, 0x00000000c2784618, 0x00000000c2800000| 51%| O|  |TAMS 0x00000000c2700000| PB 0x00000000c2700000| Untracked 
|  28|0x00000000c2800000, 0x00000000c28dd120, 0x00000000c2900000| 86%| O|  |TAMS 0x00000000c2800000| PB 0x00000000c2800000| Untracked 
|  29|0x00000000c2900000, 0x00000000c2a00000, 0x00000000c2a00000|100%| O|  |TAMS 0x00000000c2900000| PB 0x00000000c2900000| Untracked 
|  30|0x00000000c2a00000, 0x00000000c2a00000, 0x00000000c2b00000|  0%| F|  |TAMS 0x00000000c2a00000| PB 0x00000000c2a00000| Untracked 
|  31|0x00000000c2b00000, 0x00000000c2b00000, 0x00000000c2c00000|  0%| F|  |TAMS 0x00000000c2b00000| PB 0x00000000c2b00000| Untracked 
|  32|0x00000000c2c00000, 0x00000000c2d00000, 0x00000000c2d00000|100%| O|  |TAMS 0x00000000c2c00000| PB 0x00000000c2c00000| Untracked 
|  33|0x00000000c2d00000, 0x00000000c2e00000, 0x00000000c2e00000|100%| O|Cm|TAMS 0x00000000c2d00000| PB 0x00000000c2d00000| Complete 
|  34|0x00000000c2e00000, 0x00000000c2e00000, 0x00000000c2f00000|  0%| F|  |TAMS 0x00000000c2e00000| PB 0x00000000c2e00000| Untracked 
|  35|0x00000000c2f00000, 0x00000000c2f00000, 0x00000000c3000000|  0%| F|  |TAMS 0x00000000c2f00000| PB 0x00000000c2f00000| Untracked 
|  36|0x00000000c3000000, 0x00000000c3100000, 0x00000000c3100000|100%| O|Cm|TAMS 0x00000000c3000000| PB 0x00000000c3000000| Complete 
|  37|0x00000000c3100000, 0x00000000c3200000, 0x00000000c3200000|100%| O|Cm|TAMS 0x00000000c3100000| PB 0x00000000c3100000| Complete 
|  38|0x00000000c3200000, 0x00000000c3200000, 0x00000000c3300000|  0%| F|  |TAMS 0x00000000c3200000| PB 0x00000000c3200000| Untracked 
|  39|0x00000000c3300000, 0x00000000c3400000, 0x00000000c3400000|100%| O|  |TAMS 0x00000000c3300000| PB 0x00000000c3300000| Untracked 
|  40|0x00000000c3400000, 0x00000000c3500000, 0x00000000c3500000|100%| O|  |TAMS 0x00000000c3400000| PB 0x00000000c3400000| Untracked 
|  41|0x00000000c3500000, 0x00000000c3600000, 0x00000000c3600000|100%| O|  |TAMS 0x00000000c3500000| PB 0x00000000c3500000| Untracked 
|  42|0x00000000c3600000, 0x00000000c3700000, 0x00000000c3700000|100%| O|  |TAMS 0x00000000c3600000| PB 0x00000000c3600000| Untracked 
|  43|0x00000000c3700000, 0x00000000c3723540, 0x00000000c3800000| 13%| O|  |TAMS 0x00000000c3700000| PB 0x00000000c3700000| Untracked 
|  44|0x00000000c3800000, 0x00000000c3800000, 0x00000000c3900000|  0%| F|  |TAMS 0x00000000c3800000| PB 0x00000000c3800000| Untracked 
|  45|0x00000000c3900000, 0x00000000c3900000, 0x00000000c3a00000|  0%| F|  |TAMS 0x00000000c3900000| PB 0x00000000c3900000| Untracked 
|  46|0x00000000c3a00000, 0x00000000c3a00000, 0x00000000c3b00000|  0%| F|  |TAMS 0x00000000c3a00000| PB 0x00000000c3a00000| Untracked 
|  47|0x00000000c3b00000, 0x00000000c3bfd1b8, 0x00000000c3c00000| 98%| S|CS|TAMS 0x00000000c3b00000| PB 0x00000000c3b00000| Complete 
|  48|0x00000000c3c00000, 0x00000000c3c00000, 0x00000000c3d00000|  0%| F|  |TAMS 0x00000000c3c00000| PB 0x00000000c3c00000| Untracked 
|  49|0x00000000c3d00000, 0x00000000c3d00000, 0x00000000c3e00000|  0%| F|  |TAMS 0x00000000c3d00000| PB 0x00000000c3d00000| Untracked 
|  50|0x00000000c3e00000, 0x00000000c3e00000, 0x00000000c3f00000|  0%| F|  |TAMS 0x00000000c3e00000| PB 0x00000000c3e00000| Untracked 
|  51|0x00000000c3f00000, 0x00000000c4000000, 0x00000000c4000000|100%| S|CS|TAMS 0x00000000c3f00000| PB 0x00000000c3f00000| Complete 
|  52|0x00000000c4000000, 0x00000000c4100000, 0x00000000c4100000|100%| S|CS|TAMS 0x00000000c4000000| PB 0x00000000c4000000| Complete 
|  53|0x00000000c4100000, 0x00000000c4200000, 0x00000000c4200000|100%| S|CS|TAMS 0x00000000c4100000| PB 0x00000000c4100000| Complete 
|  54|0x00000000c4200000, 0x00000000c4200000, 0x00000000c4300000|  0%| F|  |TAMS 0x00000000c4200000| PB 0x00000000c4200000| Untracked 
|  55|0x00000000c4300000, 0x00000000c4300000, 0x00000000c4400000|  0%| F|  |TAMS 0x00000000c4300000| PB 0x00000000c4300000| Untracked 
|  56|0x00000000c4400000, 0x00000000c4400000, 0x00000000c4500000|  0%| F|  |TAMS 0x00000000c4400000| PB 0x00000000c4400000| Untracked 
|  57|0x00000000c4500000, 0x00000000c4500000, 0x00000000c4600000|  0%| F|  |TAMS 0x00000000c4500000| PB 0x00000000c4500000| Untracked 
|  58|0x00000000c4600000, 0x00000000c4600000, 0x00000000c4700000|  0%| F|  |TAMS 0x00000000c4600000| PB 0x00000000c4600000| Untracked 
|  59|0x00000000c4700000, 0x00000000c4700000, 0x00000000c4800000|  0%| F|  |TAMS 0x00000000c4700000| PB 0x00000000c4700000| Untracked 
|  60|0x00000000c4800000, 0x00000000c4800000, 0x00000000c4900000|  0%| F|  |TAMS 0x00000000c4800000| PB 0x00000000c4800000| Untracked 
|  61|0x00000000c4900000, 0x00000000c4900000, 0x00000000c4a00000|  0%| F|  |TAMS 0x00000000c4900000| PB 0x00000000c4900000| Untracked 
|  62|0x00000000c4a00000, 0x00000000c4b00000, 0x00000000c4b00000|100%| E|  |TAMS 0x00000000c4a00000| PB 0x00000000c4a00000| Complete 
|  63|0x00000000c4b00000, 0x00000000c4c00000, 0x00000000c4c00000|100%| E|CS|TAMS 0x00000000c4b00000| PB 0x00000000c4b00000| Complete 
|  64|0x00000000c4c00000, 0x00000000c4d00000, 0x00000000c4d00000|100%| E|CS|TAMS 0x00000000c4c00000| PB 0x00000000c4c00000| Complete 
|  65|0x00000000c4d00000, 0x00000000c4e00000, 0x00000000c4e00000|100%| E|CS|TAMS 0x00000000c4d00000| PB 0x00000000c4d00000| Complete 
|  66|0x00000000c4e00000, 0x00000000c4f00000, 0x00000000c4f00000|100%| E|CS|TAMS 0x00000000c4e00000| PB 0x00000000c4e00000| Complete 
|  67|0x00000000c4f00000, 0x00000000c5000000, 0x00000000c5000000|100%| E|CS|TAMS 0x00000000c4f00000| PB 0x00000000c4f00000| Complete 
|  68|0x00000000c5000000, 0x00000000c5100000, 0x00000000c5100000|100%| E|CS|TAMS 0x00000000c5000000| PB 0x00000000c5000000| Complete 
|  69|0x00000000c5100000, 0x00000000c5200000, 0x00000000c5200000|100%| E|CS|TAMS 0x00000000c5100000| PB 0x00000000c5100000| Complete 
|  70|0x00000000c5200000, 0x00000000c5300000, 0x00000000c5300000|100%| E|CS|TAMS 0x00000000c5200000| PB 0x00000000c5200000| Complete 
|  71|0x00000000c5300000, 0x00000000c5400000, 0x00000000c5400000|100%| E|CS|TAMS 0x00000000c5300000| PB 0x00000000c5300000| Complete 
|  72|0x00000000c5400000, 0x00000000c5500000, 0x00000000c5500000|100%| E|CS|TAMS 0x00000000c5400000| PB 0x00000000c5400000| Complete 
|  73|0x00000000c5500000, 0x00000000c5600000, 0x00000000c5600000|100%| E|CS|TAMS 0x00000000c5500000| PB 0x00000000c5500000| Complete 
|  74|0x00000000c5600000, 0x00000000c5700000, 0x00000000c5700000|100%| E|CS|TAMS 0x00000000c5600000| PB 0x00000000c5600000| Complete 
|  75|0x00000000c5700000, 0x00000000c5800000, 0x00000000c5800000|100%| E|CS|TAMS 0x00000000c5700000| PB 0x00000000c5700000| Complete 
|  76|0x00000000c5800000, 0x00000000c5900000, 0x00000000c5900000|100%| E|CS|TAMS 0x00000000c5800000| PB 0x00000000c5800000| Complete 
|  77|0x00000000c5900000, 0x00000000c5a00000, 0x00000000c5a00000|100%| E|CS|TAMS 0x00000000c5900000| PB 0x00000000c5900000| Complete 
|  78|0x00000000c5a00000, 0x00000000c5b00000, 0x00000000c5b00000|100%| E|CS|TAMS 0x00000000c5a00000| PB 0x00000000c5a00000| Complete 
|  79|0x00000000c5b00000, 0x00000000c5c00000, 0x00000000c5c00000|100%| E|CS|TAMS 0x00000000c5b00000| PB 0x00000000c5b00000| Complete 
|  80|0x00000000c5c00000, 0x00000000c5d00000, 0x00000000c5d00000|100%| E|CS|TAMS 0x00000000c5c00000| PB 0x00000000c5c00000| Complete 
|  81|0x00000000c5d00000, 0x00000000c5e00000, 0x00000000c5e00000|100%| E|CS|TAMS 0x00000000c5d00000| PB 0x00000000c5d00000| Complete 
|  82|0x00000000c5e00000, 0x00000000c5f00000, 0x00000000c5f00000|100%| E|CS|TAMS 0x00000000c5e00000| PB 0x00000000c5e00000| Complete 
|  83|0x00000000c5f00000, 0x00000000c6000000, 0x00000000c6000000|100%| E|CS|TAMS 0x00000000c5f00000| PB 0x00000000c5f00000| Complete 
|  84|0x00000000c6000000, 0x00000000c6100000, 0x00000000c6100000|100%| E|CS|TAMS 0x00000000c6000000| PB 0x00000000c6000000| Complete 
|  85|0x00000000c6100000, 0x00000000c6200000, 0x00000000c6200000|100%| E|CS|TAMS 0x00000000c6100000| PB 0x00000000c6100000| Complete 
|  86|0x00000000c6200000, 0x00000000c6300000, 0x00000000c6300000|100%| E|CS|TAMS 0x00000000c6200000| PB 0x00000000c6200000| Complete 
|  87|0x00000000c6300000, 0x00000000c6400000, 0x00000000c6400000|100%| E|CS|TAMS 0x00000000c6300000| PB 0x00000000c6300000| Complete 
|  88|0x00000000c6400000, 0x00000000c6500000, 0x00000000c6500000|100%| E|CS|TAMS 0x00000000c6400000| PB 0x00000000c6400000| Complete 
|  89|0x00000000c6500000, 0x00000000c6600000, 0x00000000c6600000|100%| E|CS|TAMS 0x00000000c6500000| PB 0x00000000c6500000| Complete 
|  90|0x00000000c6600000, 0x00000000c6700000, 0x00000000c6700000|100%| E|CS|TAMS 0x00000000c6600000| PB 0x00000000c6600000| Complete 
|  91|0x00000000c6700000, 0x00000000c6800000, 0x00000000c6800000|100%| E|CS|TAMS 0x00000000c6700000| PB 0x00000000c6700000| Complete 
|  92|0x00000000c6800000, 0x00000000c6900000, 0x00000000c6900000|100%| E|CS|TAMS 0x00000000c6800000| PB 0x00000000c6800000| Complete 
|  93|0x00000000c6900000, 0x00000000c6a00000, 0x00000000c6a00000|100%| E|CS|TAMS 0x00000000c6900000| PB 0x00000000c6900000| Complete 
|  94|0x00000000c6a00000, 0x00000000c6b00000, 0x00000000c6b00000|100%| E|CS|TAMS 0x00000000c6a00000| PB 0x00000000c6a00000| Complete 
|  95|0x00000000c6b00000, 0x00000000c6c00000, 0x00000000c6c00000|100%| E|CS|TAMS 0x00000000c6b00000| PB 0x00000000c6b00000| Complete 
|  96|0x00000000c6c00000, 0x00000000c6d00000, 0x00000000c6d00000|100%| E|CS|TAMS 0x00000000c6c00000| PB 0x00000000c6c00000| Complete 
|  97|0x00000000c6d00000, 0x00000000c6e00000, 0x00000000c6e00000|100%| E|CS|TAMS 0x00000000c6d00000| PB 0x00000000c6d00000| Complete 
|  98|0x00000000c6e00000, 0x00000000c6f00000, 0x00000000c6f00000|100%| E|CS|TAMS 0x00000000c6e00000| PB 0x00000000c6e00000| Complete 
|  99|0x00000000c6f00000, 0x00000000c7000000, 0x00000000c7000000|100%| E|CS|TAMS 0x00000000c6f00000| PB 0x00000000c6f00000| Complete 

Card table byte_map: [0x0000028618eb0000,0x00000286190b0000] _byte_map_base: 0x00000286188aa000

Marking Bits: (CMBitMap*) 0x00000286120d1d60
 Bits: [0x00000286190b0000, 0x000002861a080000)

Polling page: 0x000002860ff50000

Metaspace:

Usage:
  Non-class:     52.26 MB used.
      Class:      7.27 MB used.
       Both:     59.52 MB used.

Virtual space:
  Non-class space:       64.00 MB reserved,      52.75 MB ( 82%) committed,  1 nodes.
      Class space:        1.00 GB reserved,       7.69 MB ( <1%) committed,  1 nodes.
             Both:        1.06 GB reserved,      60.44 MB (  6%) committed. 

Chunk freelists:
   Non-Class:  11.08 MB
       Class:  8.36 MB
        Both:  19.44 MB

MaxMetaspaceSize: unlimited
CompressedClassSpaceSize: 1.00 GB
Initial GC threshold: 21.00 MB
Current GC threshold: 100.56 MB
CDS: off
 - commit_granule_bytes: 65536.
 - commit_granule_words: 8192.
 - virtual_space_node_default_size: 8388608.
 - enlarge_chunks_in_place: 1.
 - use_allocation_guard: 0.


Internal statistics:

num_allocs_failed_limit: 3.
num_arena_births: 1978.
num_arena_deaths: 1042.
num_vsnodes_births: 2.
num_vsnodes_deaths: 0.
num_space_committed: 967.
num_space_uncommitted: 0.
num_chunks_returned_to_freelist: 1371.
num_chunks_taken_from_freelist: 4427.
num_chunk_merges: 274.
num_chunk_splits: 2278.
num_chunks_enlarged: 1413.
num_inconsistent_stats: 0.

CodeCache: size=49152Kb used=15919Kb max_used=15919Kb free=33232Kb
 bounds [0x0000028615ba0000, 0x0000028616b30000, 0x0000028618ba0000]
 total_blobs=8156 nmethods=7454 adapters=623
 compilation: enabled
              stopped_count=0, restarted_count=0
 full_count=0

Compilation events (20 events):
Event: 2492.587 Thread 0x0000028623936d80 nmethod 20382 0x0000028616a88010 code [0x0000028616a881a0, 0x0000028616a882a0]
Event: 2492.587 Thread 0x0000028621008090 nmethod 20378 0x0000028616a88390 code [0x0000028616a88580, 0x0000028616a88970]
Event: 2492.587 Thread 0x0000028623936d80 20383       1       org.apache.coyote.Response::setErrorReported (10 bytes)
Event: 2492.587 Thread 0x0000028621008090 20381       1       java.lang.invoke.VarHandleReferences$Array::runtimeTypeCheck (26 bytes)
Event: 2492.587 Thread 0x0000028623936d80 nmethod 20383 0x0000028616a88c10 code [0x0000028616a88da0, 0x0000028616a88e98]
Event: 2492.587 Thread 0x0000028623936d80 20375       1       org.springframework.util.MimeType::isConcrete (20 bytes)
Event: 2492.588 Thread 0x0000028623936d80 nmethod 20375 0x0000028616a88f90 code [0x0000028616a89160, 0x0000028616a89310]
Event: 2492.588 Thread 0x0000028621008090 nmethod 20381 0x0000028616a89490 code [0x0000028616a896a0, 0x0000028616a89aa8]
Event: 2492.588 Thread 0x0000028623936d80 20384       1       java.lang.Long::toUnsignedString0 (83 bytes)
Event: 2492.588 Thread 0x0000028621008090 20380       1       com.fasterxml.jackson.core.io.IOContext::isResourceManaged (5 bytes)
Event: 2492.588 Thread 0x0000028621008090 nmethod 20380 0x0000028616a89d90 code [0x0000028616a89f20, 0x0000028616a89ff0]
Event: 2492.588 Thread 0x0000028623936d80 nmethod 20384 0x0000028616a8a090 code [0x0000028616a8a260, 0x0000028616a8a520]
Event: 2492.589 Thread 0x0000028621008090 20386  s    1       org.apache.tomcat.util.collections.SynchronizedQueue::poll (61 bytes)
Event: 2492.589 Thread 0x0000028623901870 20387       1       java.nio.channels.spi.AbstractSelectableChannel::findKey (81 bytes)
Event: 2492.589 Thread 0x0000028621008090 nmethod 20386 0x0000028616a8a690 code [0x0000028616a8a840, 0x0000028616a8aac0]
Event: 2492.589 Thread 0x0000028623901870 nmethod 20387 0x0000028616a8ab90 code [0x0000028616a8ad40, 0x0000028616a8aec0]
Event: 2492.613 Thread 0x0000028623901870 20388       1       org.apache.tomcat.util.net.AbstractEndpoint::getMaxKeepAliveRequests (17 bytes)
Event: 2492.613 Thread 0x0000028623901870 nmethod 20388 0x0000028616a8af90 code [0x0000028616a8b120, 0x0000028616a8b230]
Event: 2492.613 Thread 0x0000028621008090 20389       1       org.apache.tomcat.util.net.AbstractEndpoint$BindState::isBound (5 bytes)
Event: 2492.613 Thread 0x0000028621008090 nmethod 20389 0x0000028616a8b310 code [0x0000028616a8b4a0, 0x0000028616a8b570]

GC Heap History (20 events):
Event: 2420.930 GC heap before
{Heap before GC invocations=298 (full 1):
 garbage-first heap   total 92160K, used 81915K [0x00000000c0c00000, 0x0000000100000000)
  region size 1024K, 41 young (41984K), 1 survivors (1024K)
 Metaspace       used 60035K, committed 60800K, reserved 1114112K
  class space    used 7384K, committed 7744K, reserved 1048576K
}
Event: 2420.933 GC heap after
{Heap after GC invocations=299 (full 1):
 garbage-first heap   total 113664K, used 42860K [0x00000000c0c00000, 0x0000000100000000)
  region size 1024K, 4 young (4096K), 4 survivors (4096K)
 Metaspace       used 60035K, committed 60800K, reserved 1114112K
  class space    used 7384K, committed 7744K, reserved 1048576K
}
Event: 2442.950 GC heap before
{Heap before GC invocations=299 (full 1):
 garbage-first heap   total 113664K, used 95084K [0x00000000c0c00000, 0x0000000100000000)
  region size 1024K, 55 young (56320K), 4 survivors (4096K)
 Metaspace       used 60035K, committed 60800K, reserved 1114112K
  class space    used 7384K, committed 7744K, reserved 1048576K
}
Event: 2442.952 GC heap after
{Heap after GC invocations=300 (full 1):
 garbage-first heap   total 113664K, used 42350K [0x00000000c0c00000, 0x0000000100000000)
  region size 1024K, 3 young (3072K), 3 survivors (3072K)
 Metaspace       used 60035K, committed 60800K, reserved 1114112K
  class space    used 7384K, committed 7744K, reserved 1048576K
}
Event: 2450.607 GC heap before
{Heap before GC invocations=301 (full 1):
 garbage-first heap   total 113664K, used 63854K [0x00000000c0c00000, 0x0000000100000000)
  region size 1024K, 27 young (27648K), 3 survivors (3072K)
 Metaspace       used 59962K, committed 60800K, reserved 1114112K
  class space    used 7373K, committed 7744K, reserved 1048576K
}
Event: 2450.652 GC heap after
{Heap after GC invocations=302 (full 2):
 garbage-first heap   total 96256K, used 26267K [0x00000000c0c00000, 0x0000000100000000)
  region size 1024K, 0 young (0K), 0 survivors (0K)
 Metaspace       used 59962K, committed 60800K, reserved 1114112K
  class space    used 7373K, committed 7744K, reserved 1048576K
}
Event: 2450.949 GC heap before
{Heap before GC invocations=302 (full 2):
 garbage-first heap   total 96256K, used 82587K [0x00000000c0c00000, 0x0000000100000000)
  region size 1024K, 56 young (57344K), 0 survivors (0K)
 Metaspace       used 59964K, committed 60800K, reserved 1114112K
  class space    used 7373K, committed 7744K, reserved 1048576K
}
Event: 2450.953 GC heap after
{Heap after GC invocations=303 (full 2):
 garbage-first heap   total 96256K, used 32358K [0x00000000c0c00000, 0x0000000100000000)
  region size 1024K, 6 young (6144K), 6 survivors (6144K)
 Metaspace       used 59964K, committed 60800K, reserved 1114112K
  class space    used 7373K, committed 7744K, reserved 1048576K
}
Event: 2451.299 GC heap before
{Heap before GC invocations=304 (full 2):
 garbage-first heap   total 96256K, used 81510K [0x00000000c0c00000, 0x0000000100000000)
  region size 1024K, 54 young (55296K), 6 survivors (6144K)
 Metaspace       used 60248K, committed 60992K, reserved 1114112K
  class space    used 7406K, committed 7744K, reserved 1048576K
}
Event: 2451.307 GC heap after
{Heap after GC invocations=305 (full 2):
 garbage-first heap   total 96256K, used 36936K [0x00000000c0c00000, 0x0000000100000000)
  region size 1024K, 5 young (5120K), 5 survivors (5120K)
 Metaspace       used 60248K, committed 60992K, reserved 1114112K
  class space    used 7406K, committed 7744K, reserved 1048576K
}
Event: 2451.553 GC heap before
{Heap before GC invocations=305 (full 2):
 garbage-first heap   total 96256K, used 81992K [0x00000000c0c00000, 0x0000000100000000)
  region size 1024K, 49 young (50176K), 5 survivors (5120K)
 Metaspace       used 60248K, committed 60992K, reserved 1114112K
  class space    used 7406K, committed 7744K, reserved 1048576K
}
Event: 2451.560 GC heap after
{Heap after GC invocations=306 (full 2):
 garbage-first heap   total 96256K, used 40804K [0x00000000c0c00000, 0x0000000100000000)
  region size 1024K, 4 young (4096K), 4 survivors (4096K)
 Metaspace       used 60248K, committed 60992K, reserved 1114112K
  class space    used 7406K, committed 7744K, reserved 1048576K
}
Event: 2451.996 GC heap before
{Heap before GC invocations=306 (full 2):
 garbage-first heap   total 96256K, used 83812K [0x00000000c0c00000, 0x0000000100000000)
  region size 1024K, 46 young (47104K), 4 survivors (4096K)
 Metaspace       used 61011K, committed 61760K, reserved 1114112K
  class space    used 7459K, committed 7808K, reserved 1048576K
}
Event: 2452.000 GC heap after
{Heap after GC invocations=307 (full 2):
 garbage-first heap   total 96256K, used 42701K [0x00000000c0c00000, 0x0000000100000000)
  region size 1024K, 4 young (4096K), 4 survivors (4096K)
 Metaspace       used 61011K, committed 61760K, reserved 1114112K
  class space    used 7459K, committed 7808K, reserved 1048576K
}
Event: 2452.147 GC heap before
{Heap before GC invocations=308 (full 2):
 garbage-first heap   total 102400K, used 83661K [0x00000000c0c00000, 0x0000000100000000)
  region size 1024K, 44 young (45056K), 4 survivors (4096K)
 Metaspace       used 61003K, committed 61760K, reserved 1114112K
  class space    used 7458K, committed 7808K, reserved 1048576K
}
Event: 2452.152 GC heap after
{Heap after GC invocations=309 (full 2):
 garbage-first heap   total 102400K, used 44164K [0x00000000c0c00000, 0x0000000100000000)
  region size 1024K, 5 young (5120K), 5 survivors (5120K)
 Metaspace       used 61003K, committed 61760K, reserved 1114112K
  class space    used 7458K, committed 7808K, reserved 1048576K
}
Event: 2465.523 GC heap before
{Heap before GC invocations=309 (full 2):
 garbage-first heap   total 102400K, used 89220K [0x00000000c0c00000, 0x0000000100000000)
  region size 1024K, 49 young (50176K), 5 survivors (5120K)
 Metaspace       used 61019K, committed 61760K, reserved 1114112K
  class space    used 7460K, committed 7808K, reserved 1048576K
}
Event: 2465.527 GC heap after
{Heap after GC invocations=310 (full 2):
 garbage-first heap   total 102400K, used 44435K [0x00000000c0c00000, 0x0000000100000000)
  region size 1024K, 3 young (3072K), 3 survivors (3072K)
 Metaspace       used 61019K, committed 61760K, reserved 1114112K
  class space    used 7460K, committed 7808K, reserved 1048576K
}
Event: 2483.290 GC heap before
{Heap before GC invocations=310 (full 2):
 garbage-first heap   total 102400K, used 91539K [0x00000000c0c00000, 0x0000000100000000)
  region size 1024K, 49 young (50176K), 3 survivors (3072K)
 Metaspace       used 61066K, committed 61888K, reserved 1114112K
  class space    used 7466K, committed 7872K, reserved 1048576K
}
Event: 2483.292 GC heap after
{Heap after GC invocations=311 (full 2):
 garbage-first heap   total 102400K, used 46080K [0x00000000c0c00000, 0x0000000100000000)
  region size 1024K, 4 young (4096K), 4 survivors (4096K)
 Metaspace       used 61066K, committed 61888K, reserved 1114112K
  class space    used 7466K, committed 7872K, reserved 1048576K
}

Dll operation events (12 events):
Event: 0.009 Loaded shared library E:\javawork\sts-4.23.0.RELEASE\plugins\org.eclipse.justj.openjdk.hotspot.jre.full.win32.x86_64_21.0.3.v20240426-1530\jre\bin\java.dll
Event: 0.014 Loaded shared library E:\javawork\sts-4.23.0.RELEASE\plugins\org.eclipse.justj.openjdk.hotspot.jre.full.win32.x86_64_21.0.3.v20240426-1530\jre\bin\zip.dll
Event: 0.253 Loaded shared library E:\javawork\sts-4.23.0.RELEASE\plugins\org.eclipse.justj.openjdk.hotspot.jre.full.win32.x86_64_21.0.3.v20240426-1530\jre\bin\jimage.dll
Event: 0.270 Loaded shared library E:\javawork\sts-4.23.0.RELEASE\plugins\org.eclipse.justj.openjdk.hotspot.jre.full.win32.x86_64_21.0.3.v20240426-1530\jre\bin\net.dll
Event: 0.272 Loaded shared library E:\javawork\sts-4.23.0.RELEASE\plugins\org.eclipse.justj.openjdk.hotspot.jre.full.win32.x86_64_21.0.3.v20240426-1530\jre\bin\nio.dll
Event: 0.279 Loaded shared library E:\javawork\sts-4.23.0.RELEASE\plugins\org.eclipse.justj.openjdk.hotspot.jre.full.win32.x86_64_21.0.3.v20240426-1530\jre\bin\zip.dll
Event: 0.342 Loaded shared library E:\javawork\sts-4.23.0.RELEASE\plugins\org.eclipse.justj.openjdk.hotspot.jre.full.win32.x86_64_21.0.3.v20240426-1530\jre\bin\management.dll
Event: 0.360 Loaded shared library E:\javawork\sts-4.23.0.RELEASE\plugins\org.eclipse.justj.openjdk.hotspot.jre.full.win32.x86_64_21.0.3.v20240426-1530\jre\bin\management_ext.dll
Event: 0.665 Loaded shared library E:\javawork\sts-4.23.0.RELEASE\plugins\org.eclipse.justj.openjdk.hotspot.jre.full.win32.x86_64_21.0.3.v20240426-1530\jre\bin\extnet.dll
Event: 2.317 Loaded shared library E:\javawork\sts-4.23.0.RELEASE\plugins\org.eclipse.justj.openjdk.hotspot.jre.full.win32.x86_64_21.0.3.v20240426-1530\jre\bin\sunmscapi.dll
Event: 5.047 Loaded shared library E:\javawork\apache-tomcat-10.1.24\bin\tcnative-2.dll
Event: 37.771 Loaded shared library E:\javawork\sts-4.23.0.RELEASE\plugins\org.eclipse.justj.openjdk.hotspot.jre.full.win32.x86_64_21.0.3.v20240426-1530\jre\bin\verify.dll

Deoptimization events (8 events):
Event: 5.839 Thread 0x0000028621f81470 DEOPT PACKING pc=0x0000028616213971 sp=0x000000bb0b4fcac0
Event: 5.839 Thread 0x0000028621f81470 DEOPT UNPACKING pc=0x0000028615bf4e42 sp=0x000000bb0b4fbfc8 mode 3
Event: 5.840 Thread 0x0000028621f81470 DEOPT PACKING pc=0x00000286161fde22 sp=0x000000bb0b4fca80
Event: 5.840 Thread 0x0000028621f81470 DEOPT UNPACKING pc=0x0000028615bf4e42 sp=0x000000bb0b4fbfc8 mode 3
Event: 458.849 Thread 0x000002862347c710 DEOPT PACKING pc=0x00000286160ad414 sp=0x000000bb0c4fb670
Event: 458.850 Thread 0x000002862347c710 DEOPT UNPACKING pc=0x0000028615bf4e42 sp=0x000000bb0c4fab20 mode 0
Event: 2070.081 Thread 0x0000028623476b30 DEOPT PACKING pc=0x0000028615ffd0e4 sp=0x000000bb0cafbc50
Event: 2070.083 Thread 0x0000028623476b30 DEOPT UNPACKING pc=0x0000028615bf4e42 sp=0x000000bb0cafb088 mode 3

Classes loaded (20 events):
Event: 1762.882 Loading class javax/crypto/BadPaddingException done
Event: 1762.882 Loading class javax/crypto/AEADBadTagException done
Event: 1762.882 Loading class javax/net/ssl/SSLHandshakeException
Event: 1762.882 Loading class javax/net/ssl/SSLHandshakeException done
Event: 1964.144 Loading class jdk/internal/reflect/AccessorUtils
Event: 1964.145 Loading class jdk/internal/reflect/AccessorUtils done
Event: 1964.188 Loading class java/util/Scanner
Event: 1964.190 Loading class java/util/Scanner done
Event: 1964.193 Loading class java/util/Scanner$PatternLRUCache
Event: 1964.193 Loading class java/util/Scanner$PatternLRUCache done
Event: 1964.196 Loading class java/util/regex/Matcher$ImmutableMatchResult
Event: 1964.197 Loading class java/util/regex/Matcher$ImmutableMatchResult done
Event: 2415.809 Loading class java/util/concurrent/locks/AbstractQueuedSynchronizer$SharedNode
Event: 2415.812 Loading class java/util/concurrent/locks/AbstractQueuedSynchronizer$SharedNode done
Event: 2415.933 Loading class java/lang/ref/Finalizer$2
Event: 2415.934 Loading class java/lang/ref/Finalizer$2 done
Event: 2415.934 Loading class java/lang/ref/Finalizer$1
Event: 2415.934 Loading class java/lang/ref/Finalizer$1 done
Event: 2417.821 Loading class java/time/DurationEditor
Event: 2417.821 Loading class java/time/DurationEditor done

Classes unloaded (20 events):
Event: 2483.323 Thread 0x000002861cab0310 Unloading class 0x0000000100773800 'java/lang/invoke/LambdaForm$MH+0x0000000100773800'
Event: 2483.323 Thread 0x000002861cab0310 Unloading class 0x0000000100772c00 'java/lang/invoke/LambdaForm$MH+0x0000000100772c00'
Event: 2483.323 Thread 0x000002861cab0310 Unloading class 0x0000000100771c00 'java/lang/invoke/LambdaForm$MH+0x0000000100771c00'
Event: 2483.323 Thread 0x000002861cab0310 Unloading class 0x0000000100771800 'java/lang/invoke/LambdaForm$MH+0x0000000100771800'
Event: 2483.323 Thread 0x000002861cab0310 Unloading class 0x0000000100771400 'java/lang/invoke/LambdaForm$BMH+0x0000000100771400'
Event: 2483.323 Thread 0x000002861cab0310 Unloading class 0x0000000100770c00 'java/lang/invoke/LambdaForm$MH+0x0000000100770c00'
Event: 2483.323 Thread 0x000002861cab0310 Unloading class 0x00000001000c1000 'java/lang/invoke/LambdaForm$MH+0x00000001000c1000'
Event: 2483.323 Thread 0x000002861cab0310 Unloading class 0x0000000100248000 'java/lang/invoke/LambdaForm$MH+0x0000000100248000'
Event: 2483.323 Thread 0x000002861cab0310 Unloading class 0x0000000100558400 'java/lang/invoke/LambdaForm$MH+0x0000000100558400'
Event: 2483.323 Thread 0x000002861cab0310 Unloading class 0x0000000100520800 'java/lang/invoke/LambdaForm$MH+0x0000000100520800'
Event: 2483.323 Thread 0x000002861cab0310 Unloading class 0x000000010051a800 'java/lang/invoke/LambdaForm$MH+0x000000010051a800'
Event: 2483.323 Thread 0x000002861cab0310 Unloading class 0x0000000100502800 'java/lang/invoke/LambdaForm$MH+0x0000000100502800'
Event: 2483.323 Thread 0x000002861cab0310 Unloading class 0x0000000100500400 'java/lang/invoke/LambdaForm$MH+0x0000000100500400'
Event: 2483.323 Thread 0x000002861cab0310 Unloading class 0x00000001004c0000 'java/lang/invoke/LambdaForm$MH+0x00000001004c0000'
Event: 2483.323 Thread 0x000002861cab0310 Unloading class 0x00000001004bb000 'java/lang/invoke/LambdaForm$MH+0x00000001004bb000'
Event: 2483.323 Thread 0x000002861cab0310 Unloading class 0x0000000100180c00 'java/lang/invoke/LambdaForm$MH+0x0000000100180c00'
Event: 2483.323 Thread 0x000002861cab0310 Unloading class 0x0000000100578400 'java/lang/invoke/LambdaForm$MH+0x0000000100578400'
Event: 2483.323 Thread 0x000002861cab0310 Unloading class 0x0000000100467400 'java/lang/invoke/LambdaForm$MH+0x0000000100467400'
Event: 2483.323 Thread 0x000002861cab0310 Unloading class 0x0000000100500800 'java/lang/invoke/LambdaForm$MH+0x0000000100500800'
Event: 2483.323 Thread 0x000002861cab0310 Unloading class 0x000000010051a000 'java/lang/invoke/LambdaForm$MH+0x000000010051a000'

Classes redefined (0 events):
No events

Internal exceptions (20 events):
Event: 2417.434 Thread 0x0000028623478c00 Exception <a 'java/lang/NoSuchMethodError'{0x00000000c499cb50}: 'void java.lang.invoke.DelegatingMethodHandle$Holder.reinvoke_L(java.lang.Object, java.lang.Object, int)'> (0x00000000c499cb50) 
thrown [s\src\hotspot\share\interpreter\linkResolver.cpp, line 773]
Event: 2417.525 Thread 0x0000028623478c00 Exception <a 'java/lang/NoSuchMethodError'{0x00000000c43ee618}: 'int java.lang.invoke.DelegatingMethodHandle$Holder.reinvoke_L(java.lang.Object, java.lang.Object, java.lang.Object, java.lang.Object)'> (0x00000000c43ee618) 
thrown [s\src\hotspot\share\interpreter\linkResolver.cpp, line 773]
Event: 2417.557 Thread 0x0000028623478c00 Exception <a 'java/io/FileNotFoundException'{0x00000000c4252c40}> (0x00000000c4252c40) 
thrown [s\src\hotspot\share\prims\jni.cpp, line 520]
Event: 2417.757 Thread 0x0000028623478c00 Exception <a 'java/io/FileNotFoundException'{0x00000000c4cff6c8}> (0x00000000c4cff6c8) 
thrown [s\src\hotspot\share\prims\jni.cpp, line 520]
Event: 2417.758 Thread 0x0000028623478c00 Exception <a 'java/io/FileNotFoundException'{0x00000000c4b09980}> (0x00000000c4b09980) 
thrown [s\src\hotspot\share\prims\jni.cpp, line 520]
Event: 2450.607 Thread 0x0000028623477850 Exception <a 'java/lang/InterruptedException'{0x00000000c649c460}: sleep interrupted> (0x00000000c649c460) 
thrown [s\src\hotspot\share\prims\jvm.cpp, line 3074]
Event: 2450.661 Thread 0x00000286220bf460 Exception <a 'sun/nio/fs/WindowsException'{0x00000000c69933f8}> (0x00000000c69933f8) 
thrown [s\src\hotspot\share\prims\jni.cpp, line 520]
Event: 2451.639 Thread 0x00000286220bf460 Exception <a 'java/lang/NoClassDefFoundError'{0x00000000c6223378}: org/flywaydb/core/Flyway> (0x00000000c6223378) 
thrown [s\src\hotspot\share\oops\constantPool.cpp, line 873]
Event: 2451.639 Thread 0x00000286220bf460 Exception <a 'java/lang/NoClassDefFoundError'{0x00000000c62239d8}: liquibase/integration/spring/SpringLiquibase> (0x00000000c62239d8) 
thrown [s\src\hotspot\share\oops\constantPool.cpp, line 873]
Event: 2451.644 Thread 0x00000286220bf460 Exception <a 'java/lang/NoClassDefFoundError'{0x00000000c629cdc0}: org/jooq/DSLContext> (0x00000000c629cdc0) 
thrown [s\src\hotspot\share\oops\constantPool.cpp, line 873]
Event: 2451.644 Thread 0x00000286220bf460 Exception <a 'java/lang/NoClassDefFoundError'{0x00000000c629e698}: jakarta/persistence/EntityManagerFactory> (0x00000000c629e698) 
thrown [s\src\hotspot\share\oops\constantPool.cpp, line 873]
Event: 2451.644 Thread 0x00000286220bf460 Exception <a 'java/lang/NoClassDefFoundError'{0x00000000c629ed08}: org/springframework/batch/core/repository/JobRepository> (0x00000000c629ed08) 
thrown [s\src\hotspot\share\oops\constantPool.cpp, line 873]
Event: 2451.644 Thread 0x00000286220bf460 Exception <a 'java/lang/NoClassDefFoundError'{0x00000000c629f360}: org/quartz/Scheduler> (0x00000000c629f360) 
thrown [s\src\hotspot\share\oops\constantPool.cpp, line 873]
Event: 2451.644 Thread 0x00000286220bf460 Exception <a 'java/lang/NoClassDefFoundError'{0x00000000c629f9e0}: org/springframework/session/jdbc/JdbcIndexedSessionRepository> (0x00000000c629f9e0) 
thrown [s\src\hotspot\share\oops\constantPool.cpp, line 873]
Event: 2451.707 Thread 0x00000286220bf460 Exception <a 'java/io/FileNotFoundException'{0x00000000c5ccd880}> (0x00000000c5ccd880) 
thrown [s\src\hotspot\share\prims\jni.cpp, line 520]
Event: 2451.859 Thread 0x00000286220bf460 Exception <a 'java/io/FileNotFoundException'{0x00000000c4e9b940}> (0x00000000c4e9b940) 
thrown [s\src\hotspot\share\prims\jni.cpp, line 520]
Event: 2451.859 Thread 0x00000286220bf460 Exception <a 'java/io/FileNotFoundException'{0x00000000c4ea5b98}> (0x00000000c4ea5b98) 
thrown [s\src\hotspot\share\prims\jni.cpp, line 520]
Event: 2487.419 Thread 0x0000028623477850 Exception <a 'java/lang/NoSuchMethodError'{0x00000000c6939228}: 'java.lang.Object java.lang.invoke.DelegatingMethodHandle$Holder.reinvoke_L(java.lang.Object, java.lang.Object, java.lang.Object, java.lang.Object, int)'> (0x00000000c6939228) 
thrown [s\src\hotspot\share\interpreter\linkResolver.cpp, line 773]
Event: 2489.934 Thread 0x0000028623478c00 Exception <a 'java/lang/NoSuchMethodError'{0x00000000c5c0acd8}: 'java.lang.Object java.lang.invoke.DelegatingMethodHandle$Holder.reinvoke_L(java.lang.Object, java.lang.Object, int, java.lang.Object, java.lang.Object)'> (0x00000000c5c0acd8) 
thrown [s\src\hotspot\share\interpreter\linkResolver.cpp, line 773]
Event: 2492.437 Thread 0x0000028623479fb0 Exception <a 'java/lang/NoSuchMethodError'{0x00000000c4d88320}: 'java.lang.Object java.lang.invoke.DelegatingMethodHandle$Holder.reinvoke_L(java.lang.Object, java.lang.Object, int, int, java.lang.Object)'> (0x00000000c4d88320) 
thrown [s\src\hotspot\share\interpreter\linkResolver.cpp, line 773]

ZGC Phase Switch (0 events):
No events

VM Operations (20 events):
Event: 2480.924 Executing VM operation: Cleanup
Event: 2480.925 Executing VM operation: Cleanup done
Event: 2482.925 Executing VM operation: Cleanup
Event: 2482.925 Executing VM operation: Cleanup done
Event: 2483.290 Executing VM operation: G1CollectForAllocation (G1 Evacuation Pause)
Event: 2483.292 Executing VM operation: G1CollectForAllocation (G1 Evacuation Pause) done
Event: 2483.323 Executing VM operation: G1PauseRemark
Event: 2483.330 Executing VM operation: G1PauseRemark done
Event: 2483.343 Executing VM operation: G1PauseCleanup
Event: 2483.343 Executing VM operation: G1PauseCleanup done
Event: 2483.975 Executing VM operation: ICBufferFull
Event: 2483.976 Executing VM operation: ICBufferFull done
Event: 2485.976 Executing VM operation: Cleanup
Event: 2485.976 Executing VM operation: Cleanup done
Event: 2487.977 Executing VM operation: Cleanup
Event: 2487.977 Executing VM operation: Cleanup done
Event: 2489.978 Executing VM operation: Cleanup
Event: 2489.978 Executing VM operation: Cleanup done
Event: 2491.978 Executing VM operation: Cleanup
Event: 2491.978 Executing VM operation: Cleanup done

Events (20 events):
Event: 2483.330 Thread 0x000002861cab0310 flushing nmethod 0x0000028615d4b910
Event: 2483.330 Thread 0x000002861cab0310 flushing nmethod 0x0000028615d5c290
Event: 2483.330 Thread 0x000002861cab0310 flushing nmethod 0x0000028615d5bf90
Event: 2483.330 Thread 0x000002861cab0310 flushing nmethod 0x0000028615d35d90
Event: 2483.330 Thread 0x000002861cab0310 flushing nmethod 0x0000028615d3e710
Event: 2483.330 Thread 0x000002861cab0310 flushing nmethod 0x0000028615d31090
Event: 2483.330 Thread 0x000002861cab0310 flushing nmethod 0x0000028615d3dd10
Event: 2483.330 Thread 0x000002861cab0310 flushing nmethod 0x0000028615d35110
Event: 2483.330 Thread 0x000002861cab0310 flushing nmethod 0x0000028615d3cc90
Event: 2483.330 Thread 0x000002861cab0310 flushing nmethod 0x0000028615d3c990
Event: 2483.330 Thread 0x000002861cab0310 flushing nmethod 0x0000028615d34e10
Event: 2483.330 Thread 0x000002861cab0310 flushing nmethod 0x0000028615d3c590
Event: 2483.330 Thread 0x000002861cab0310 flushing nmethod 0x0000028615d34990
Event: 2483.330 Thread 0x000002861cab0310 flushing nmethod 0x0000028615d02890
Event: 2483.330 Thread 0x000002861cab0310 flushing nmethod 0x0000028615d27310
Event: 2483.330 Thread 0x000002861cab0310 flushing nmethod 0x0000028615d24c90
Event: 2483.330 Thread 0x000002861cab0310 flushing nmethod 0x0000028615ce9510
Event: 2483.330 Thread 0x000002861cab0310 flushing nmethod 0x0000028615d03f10
Event: 2483.330 Thread 0x000002861cab0310 flushing nmethod 0x0000028615ca5f90
Event: 2483.748 Thread 0x0000028623936d80 Thread added: 0x0000028623936d80


Dynamic libraries:
0x00007ff68f680000 - 0x00007ff68f68e000 	E:\javawork\sts-4.23.0.RELEASE\plugins\org.eclipse.justj.openjdk.hotspot.jre.full.win32.x86_64_21.0.3.v20240426-1530\jre\bin\javaw.exe
0x00007ff975550000 - 0x00007ff975748000 	C:\Windows\SYSTEM32\ntdll.dll
0x00007ff973870000 - 0x00007ff973932000 	C:\Windows\System32\KERNEL32.DLL
0x00007ff972c60000 - 0x00007ff972f5e000 	C:\Windows\System32\KERNELBASE.dll
0x00007ff972f60000 - 0x00007ff973060000 	C:\Windows\System32\ucrtbase.dll
0x00007ff95ef20000 - 0x00007ff95ef38000 	E:\javawork\sts-4.23.0.RELEASE\plugins\org.eclipse.justj.openjdk.hotspot.jre.full.win32.x86_64_21.0.3.v20240426-1530\jre\bin\jli.dll
0x00007ff96ddb0000 - 0x00007ff96ddcb000 	E:\javawork\sts-4.23.0.RELEASE\plugins\org.eclipse.justj.openjdk.hotspot.jre.full.win32.x86_64_21.0.3.v20240426-1530\jre\bin\VCRUNTIME140.dll
0x00007ff9735d0000 - 0x00007ff97376d000 	C:\Windows\System32\USER32.dll
0x00007ff973060000 - 0x00007ff973082000 	C:\Windows\System32\win32u.dll
0x00007ff95bb20000 - 0x00007ff95bdba000 	C:\Windows\WinSxS\amd64_microsoft.windows.common-controls_6595b64144ccf1df_6.0.19041.4355_none_60b8b9eb71f62e16\COMCTL32.dll
0x00007ff974ea0000 - 0x00007ff974ecb000 	C:\Windows\System32\GDI32.dll
0x00007ff974d40000 - 0x00007ff974dde000 	C:\Windows\System32\msvcrt.dll
0x00007ff973090000 - 0x00007ff9731a7000 	C:\Windows\System32\gdi32full.dll
0x00007ff9733f0000 - 0x00007ff97348d000 	C:\Windows\System32\msvcp_win.dll
0x00007ff973840000 - 0x00007ff97386f000 	C:\Windows\System32\IMM32.DLL
0x00007ff96ff20000 - 0x00007ff96ff2c000 	E:\javawork\sts-4.23.0.RELEASE\plugins\org.eclipse.justj.openjdk.hotspot.jre.full.win32.x86_64_21.0.3.v20240426-1530\jre\bin\vcruntime140_1.dll
0x00007ff95edb0000 - 0x00007ff95ee3e000 	E:\javawork\sts-4.23.0.RELEASE\plugins\org.eclipse.justj.openjdk.hotspot.jre.full.win32.x86_64_21.0.3.v20240426-1530\jre\bin\msvcp140.dll
0x00007ff92c090000 - 0x00007ff92ce12000 	E:\javawork\sts-4.23.0.RELEASE\plugins\org.eclipse.justj.openjdk.hotspot.jre.full.win32.x86_64_21.0.3.v20240426-1530\jre\bin\server\jvm.dll
0x00007ff973c20000 - 0x00007ff973cd1000 	C:\Windows\System32\ADVAPI32.dll
0x00007ff974ed0000 - 0x00007ff974f6f000 	C:\Windows\System32\sechost.dll
0x00007ff974c10000 - 0x00007ff974d33000 	C:\Windows\System32\RPCRT4.dll
0x00007ff9733c0000 - 0x00007ff9733e7000 	C:\Windows\System32\bcrypt.dll
0x00007ff973e00000 - 0x00007ff973e6b000 	C:\Windows\System32\WS2_32.dll
0x00007ff9725d0000 - 0x00007ff97261b000 	C:\Windows\SYSTEM32\POWRPROF.dll
0x00007ff96b1f0000 - 0x00007ff96b217000 	C:\Windows\SYSTEM32\WINMM.dll
0x00007ff96cc80000 - 0x00007ff96cc8a000 	C:\Windows\SYSTEM32\VERSION.dll
0x00007ff972560000 - 0x00007ff972572000 	C:\Windows\SYSTEM32\UMPDC.dll
0x00007ff970a90000 - 0x00007ff970aa2000 	C:\Windows\SYSTEM32\kernel.appcore.dll
0x00007ff96fda0000 - 0x00007ff96fdaa000 	E:\javawork\sts-4.23.0.RELEASE\plugins\org.eclipse.justj.openjdk.hotspot.jre.full.win32.x86_64_21.0.3.v20240426-1530\jre\bin\jimage.dll
0x00007ff96aee0000 - 0x00007ff96b0c4000 	C:\Windows\SYSTEM32\DBGHELP.DLL
0x00007ff956670000 - 0x00007ff9566a4000 	C:\Windows\SYSTEM32\dbgcore.DLL
0x00007ff9734e0000 - 0x00007ff973562000 	C:\Windows\System32\bcryptPrimitives.dll
0x00007ff95ee90000 - 0x00007ff95eeaf000 	E:\javawork\sts-4.23.0.RELEASE\plugins\org.eclipse.justj.openjdk.hotspot.jre.full.win32.x86_64_21.0.3.v20240426-1530\jre\bin\java.dll
0x00007ff95ee70000 - 0x00007ff95ee88000 	E:\javawork\sts-4.23.0.RELEASE\plugins\org.eclipse.justj.openjdk.hotspot.jre.full.win32.x86_64_21.0.3.v20240426-1530\jre\bin\zip.dll
0x00007ff974140000 - 0x00007ff9748ad000 	C:\Windows\System32\SHELL32.dll
0x00007ff970c90000 - 0x00007ff971434000 	C:\Windows\SYSTEM32\windows.storage.dll
0x00007ff9748b0000 - 0x00007ff974c03000 	C:\Windows\System32\combase.dll
0x00007ff972620000 - 0x00007ff97264e000 	C:\Windows\SYSTEM32\Wldp.dll
0x00007ff973770000 - 0x00007ff97383d000 	C:\Windows\System32\OLEAUT32.dll
0x00007ff973e70000 - 0x00007ff973f1d000 	C:\Windows\System32\SHCORE.dll
0x00007ff973570000 - 0x00007ff9735c5000 	C:\Windows\System32\shlwapi.dll
0x00007ff972b20000 - 0x00007ff972b44000 	C:\Windows\SYSTEM32\profapi.dll
0x00007ff96dda0000 - 0x00007ff96ddb0000 	E:\javawork\sts-4.23.0.RELEASE\plugins\org.eclipse.justj.openjdk.hotspot.jre.full.win32.x86_64_21.0.3.v20240426-1530\jre\bin\net.dll
0x00007ff96d1a0000 - 0x00007ff96d2ad000 	C:\Windows\SYSTEM32\WINHTTP.dll
0x00007ff972310000 - 0x00007ff97237a000 	C:\Windows\system32\mswsock.dll
0x00007ff95ee50000 - 0x00007ff95ee66000 	E:\javawork\sts-4.23.0.RELEASE\plugins\org.eclipse.justj.openjdk.hotspot.jre.full.win32.x86_64_21.0.3.v20240426-1530\jre\bin\nio.dll
0x00007ff95e950000 - 0x00007ff95e95a000 	E:\javawork\sts-4.23.0.RELEASE\plugins\org.eclipse.justj.openjdk.hotspot.jre.full.win32.x86_64_21.0.3.v20240426-1530\jre\bin\management.dll
0x00007ff958740000 - 0x00007ff95874b000 	E:\javawork\sts-4.23.0.RELEASE\plugins\org.eclipse.justj.openjdk.hotspot.jre.full.win32.x86_64_21.0.3.v20240426-1530\jre\bin\management_ext.dll
0x00007ff974fa0000 - 0x00007ff974fa8000 	C:\Windows\System32\PSAPI.DLL
0x00007ff96f210000 - 0x00007ff96f227000 	C:\Windows\system32\napinsp.dll
0x00007ff95ac90000 - 0x00007ff95acab000 	C:\Windows\system32\pnrpnsp.dll
0x00007ff9524c0000 - 0x00007ff9524d5000 	C:\Windows\system32\wshbth.dll
0x00007ff96ebb0000 - 0x00007ff96ebcd000 	C:\Windows\system32\NLAapi.dll
0x00007ff971f90000 - 0x00007ff971fcb000 	C:\Windows\SYSTEM32\IPHLPAPI.DLL
0x00007ff971fd0000 - 0x00007ff97209a000 	C:\Windows\SYSTEM32\DNSAPI.dll
0x00007ff974f70000 - 0x00007ff974f78000 	C:\Windows\System32\NSI.dll
0x00007ff959be0000 - 0x00007ff959bf2000 	C:\Windows\System32\winrnr.dll
0x00007ff96c690000 - 0x00007ff96c69a000 	C:\Windows\System32\rasadhlp.dll
0x00007ff96bda0000 - 0x00007ff96be20000 	C:\Windows\System32\fwpuclnt.dll
0x00007ff972500000 - 0x00007ff972518000 	C:\Windows\SYSTEM32\CRYPTSP.dll
0x00007ff971bd0000 - 0x00007ff971c04000 	C:\Windows\system32\rsaenh.dll
0x00007ff972aa0000 - 0x00007ff972ace000 	C:\Windows\SYSTEM32\USERENV.dll
0x00007ff972520000 - 0x00007ff97252c000 	C:\Windows\SYSTEM32\CRYPTBASE.dll
0x00007ff958730000 - 0x00007ff958739000 	E:\javawork\sts-4.23.0.RELEASE\plugins\org.eclipse.justj.openjdk.hotspot.jre.full.win32.x86_64_21.0.3.v20240426-1530\jre\bin\extnet.dll
0x00007ff95ee40000 - 0x00007ff95ee4e000 	E:\javawork\sts-4.23.0.RELEASE\plugins\org.eclipse.justj.openjdk.hotspot.jre.full.win32.x86_64_21.0.3.v20240426-1530\jre\bin\sunmscapi.dll
0x00007ff9731b0000 - 0x00007ff97330c000 	C:\Windows\System32\CRYPT32.dll
0x00007ff972690000 - 0x00007ff9726b7000 	C:\Windows\SYSTEM32\ncrypt.dll
0x00007ff972650000 - 0x00007ff97268b000 	C:\Windows\SYSTEM32\NTASN1.dll
0x0000000180000000 - 0x000000018034d000 	E:\javawork\apache-tomcat-10.1.24\bin\tcnative-2.dll
0x00007ff96f2d0000 - 0x00007ff96f2d7000 	C:\Windows\system32\wshunix.dll
0x00007ff96c6c0000 - 0x00007ff96c6d0000 	E:\javawork\sts-4.23.0.RELEASE\plugins\org.eclipse.justj.openjdk.hotspot.jre.full.win32.x86_64_21.0.3.v20240426-1530\jre\bin\verify.dll

dbghelp: loaded successfully - version: 4.0.5 - missing functions: none
symbol engine: initialized successfully - sym options: 0x614 - pdb path: .;E:\javawork\sts-4.23.0.RELEASE\plugins\org.eclipse.justj.openjdk.hotspot.jre.full.win32.x86_64_21.0.3.v20240426-1530\jre\bin;C:\Windows\SYSTEM32;C:\Windows\WinSxS\amd64_microsoft.windows.common-controls_6595b64144ccf1df_6.0.19041.4355_none_60b8b9eb71f62e16;E:\javawork\sts-4.23.0.RELEASE\plugins\org.eclipse.justj.openjdk.hotspot.jre.full.win32.x86_64_21.0.3.v20240426-1530\jre\bin\server;E:\javawork\apache-tomcat-10.1.24\bin

VM Arguments:
jvm_args: -Dcom.sun.management.jmxremote -Dcom.sun.management.jmxremote.port=60162 -Dcom.sun.management.jmxremote.authenticate=false -Dcom.sun.management.jmxremote.ssl=false -Djava.rmi.server.hostname=localhost -Dspring.jmx.enabled=true -Dmanagement.endpoints.jmx.exposure.include=* -Dspring.application.admin.enabled=true -XX:TieredStopAtLevel=1 -Dspring.boot.project.name=Java_Sem4 -Dfile.encoding=UTF-8 -Dstdout.encoding=UTF-8 -Dstderr.encoding=UTF-8 -XX:+ShowCodeDetailsInExceptionMessages 
java_command: com.JavaSem4Application --spring.output.ansi.enabled=always
java_class_path (initial): E:\javawork\workspace\Javasem4\Java_Sem4\target\classes;C:\Users\My-PC\.m2\repository\commons-codec\commons-codec\1.15\commons-codec-1.15.jar;C:\Users\My-PC\.m2\repository\org\projectlombok\lombok\1.18.34\lombok-1.18.34.jar;C:\Users\My-PC\.m2\repository\org\slf4j\slf4j-api\2.0.16\slf4j-api-2.0.16.jar;C:\Users\My-PC\.m2\repository\ch\qos\logback\logback-classic\1.5.7\logback-classic-1.5.7.jar;C:\Users\My-PC\.m2\repository\ch\qos\logback\logback-core\1.5.7\logback-core-1.5.7.jar;C:\Users\My-PC\.m2\repository\org\springframework\boot\spring-boot-starter-data-jdbc\3.3.3\spring-boot-starter-data-jdbc-3.3.3.jar;C:\Users\My-PC\.m2\repository\org\springframework\boot\spring-boot-starter-jdbc\3.3.3\spring-boot-starter-jdbc-3.3.3.jar;C:\Users\My-PC\.m2\repository\com\zaxxer\HikariCP\5.1.0\HikariCP-5.1.0.jar;C:\Users\My-PC\.m2\repository\org\springframework\spring-jdbc\6.1.12\spring-jdbc-6.1.12.jar;C:\Users\My-PC\.m2\repository\org\springframework\data\spring-data-jdbc\3.3.3\spring-data-jdbc-3.3.3.jar;C:\Users\My-PC\.m2\repository\org\springframework\data\spring-data-relational\3.3.3\spring-data-relational-3.3.3.jar;C:\Users\My-PC\.m2\repository\org\springframework\data\spring-data-commons\3.3.3\spring-data-commons-3.3.3.jar;C:\Users\My-PC\.m2\repository\org\springframework\spring-tx\6.1.12\spring-tx-6.1.12.jar;C:\Users\My-PC\.m2\repository\org\springframework\spring-context\6.1.12\spring-context-6.1.12.jar;C:\Users\My-PC\.m2\repository\org\springframework\spring-beans\6.1.12\spring-beans-6.1.12.jar;C:\Users\My-PC\.m2\repository\org\springframework\boot\spring-boot-starter-thymeleaf\3.3.3\spring-boot-starter-thymeleaf-3.3.3.jar;C:\Users\My-PC\.m2\repository\org\springframework\boot\spring-boot-starter\3.3.3\spring-boot-starter-3.3.3.jar;C:\Users\My-PC\.m2\repository\org\springframework\boot\spring-boot-starter-logging\3.3.3\spring-boot-starter-logging-3.3.3.jar;C:\Users\My-PC\.m2\repository\org\apache\logging\log4j\log4j-to-slf4j\2.23.1\log4j-to-slf4j-2.23.1.jar;C:\Users\My-PC\.m2\repository\org\slf4j\jul-to-slf4j\2.0.16\jul-to-slf4j-2.0.16.jar;C:\Users\My-PC\.m2\repository\org\yaml\snakeyaml\2.2\snakeyaml-2.2.jar;C:\Users\My-PC\.m2\repository\org\thymeleaf\thymeleaf-spring6\3.1.2.RELEASE\thymeleaf-spring6-3.1.2.RELEASE.jar;C:\Users\My-PC\.m2\repository\org\thymeleaf\thymeleaf\3.1.2.RELEASE\thymeleaf-3.1.2.RELEASE.jar;C:\Users\My-PC\.m2\repository\org\attoparser\attoparser\2.0.7.RELEASE\attoparser-2.0.7.RELEASE.jar;C:\Users\My-PC\.m2\repository\org\unbescape\unbescape\1.1.6.RELEASE\unbescape-1.1.6.RELEASE.jar;C:\Users\My-PC\.m2\repository\org\springframework\boot\spring-boot-starter-web\3.3.3\spring-boot-starter-web-3.3.3.jar;C:\Users\My-PC\.m2\repository\org\springframework\boot\spring-boot-starter-json\3.3.3\spring-boot-starter-json-3.3.3.jar;C:\Users\My-PC\.m2\repository\com\fasterxml\jackson\core\jackson-databind\2.17.2\jackson-databind-2.17.2.jar;C:\Users\My-PC\.m2\repository\com\fasterxml\jackson\core\jackson-annotations\2.17.2\jackson-annotations-2.17.2.jar;C:\Users\My-PC\.m2\repository\com\fasterxml\jackson\core\jackson-core\2.17.2\jackson-core-2.17.2.jar;C:\Users\My-PC\.m2\repository\com\fasterxml\jackson\datatype\jackson-datatype-jdk8\2.17.2\jackson-datatype-jdk8-2.17.2.jar;C:\Users\My-PC\.m2\repository\com\fasterxml\jackson\datatype\jackson-datatype-jsr310\2.17.2\jackson-datatype-jsr310-2.17.2.jar;C:\Users\My-PC\.m2\repository\com\fasterxml\jackson\module\jackson-module-parameter-names\2.17.2\jackson-module-parameter-names-2.17.2.jar;C:\Users\My-PC\.m2\repository\org\springframework\spring-web\6.1.12\spring-web-6.1.12.jar;C:\Users\My-PC\.m2\repository\io\micrometer\micrometer-observation\1.13.3\micrometer-observation-1.13.3.jar;C:\Users\My-PC\.m2\repository\io\micrometer\micrometer-commons\1.13.3\micrometer-commons-1.13.3.jar;C:\Users\My-PC\.m2\repository\org\springframework\spring-webmvc\6.1.12\spring-webmvc-6.1.12.jar;C:\Users\My-PC\.m2\repository\org\springframework\spring-aop\6.1.12\spring-aop-6.1.12.jar;C:\Users\My-PC\.m2\repository\org\springframework\spring-expression\6.1.12\spring-expression-6.1.12.jar;C:\Users\My-PC\.m2\repository\org\springframework\boot\spring-boot-devtools\3.3.3\spring-boot-devtools-3.3.3.jar;C:\Users\My-PC\.m2\repository\org\springframework\boot\spring-boot\3.3.3\spring-boot-3.3.3.jar;C:\Users\My-PC\.m2\repository\org\springframework\boot\spring-boot-autoconfigure\3.3.3\spring-boot-autoconfigure-3.3.3.jar;C:\Users\My-PC\.m2\repository\com\microsoft\sqlserver\mssql-jdbc\12.6.3.jre11\mssql-jdbc-12.6.3.jre11.jar;C:\Users\My-PC\.m2\repository\org\springframework\boot\spring-boot-starter-tomcat\3.3.3\spring-boot-starter-tomcat-3.3.3.jar;C:\Users\My-PC\.m2\repository\jakarta\annotation\jakarta.annotation-api\2.1.1\jakarta.annotation-api-2.1.1.jar;C:\Users\My-PC\.m2\repository\org\apache\tomcat\embed\tomcat-embed-core\10.1.28\tomcat-embed-core-10.1.28.jar;C:\Users\My-PC\.m2\repository\org\apache\tomcat\embed\tomcat-embed-el\10.1.28\tomcat-embed-el-10.1.28.jar;C:\Users\My-PC\.m2\repository\org\apache\tomcat\embed\tomcat-embed-websocket\10.1.28\tomcat-embed-websocket-10.1.28.jar;C:\Users\My-PC\.m2\repository\jakarta\activation\jakarta.activation-api\2.1.3\jakarta.activation-api-2.1.3.jar;C:\Users\My-PC\.m2\repository\org\springframework\spring-core\6.1.12\spring-core-6.1.12.jar;C:\Users\My-PC\.m2\repository\org\springframework\spring-jcl\6.1.12\spring-jcl-6.1.12.jar;C:\Users\My-PC\.m2\repository\org\mindrot\jbcrypt\0.4\jbcrypt-0.4.jar;C:\Users\My-PC\.m2\repository\org\springframework\boot\spring-boot-starter-mail\3.3.3\spring-boot-starter-mail-3.3.3.jar;C:\Users\My-PC\.m2\repository\org\springframework\spring-context-support\6.1.12\spring-context-support-6.1.12.jar;C:\Users\My-PC\.m2\repository\org\eclipse\angus\jakarta.mail\2.0.3\jakarta.mail-2.0.3.jar;C:\Users\My-PC\.m2\repository\org\eclipse\angus\angus-activation\2.0.2\angus-activation-2.0.2.jar;C:\Users\My-PC\.m2\repository\jakarta\mail\jakarta.mail-api\2.0.0\jakarta.mail-api-2.0.0.jar;C:\Users\My-PC\.m2\repository\com\sun\mail\jakarta.mail\2.0.0\jakarta.mail-2.0.0.jar;C:\Users\My-PC\.m2\repository\com\sun\activation\jakarta.activation\2.0.0\jakarta.activation-2.0.0.jar;C:\Users\My-PC\.m2\repository\io\github\momo-wallet\momopayment\1.0\momopayment-1.0.jar;C:\Users\My-PC\.m2\repository\org\apache\httpcomponents\httpclient\4.4.1\httpclient-4.4.1.jar;C:\Users\My-PC\.m2\repository\org\apache\httpcomponents\httpcore\4.4.16\httpcore-4.4.16.jar;C:\Users\My-PC\.m2\repository\commons-logging\commons-logging\1.2\commons-logging-1.2.jar;C:\Users\My-PC\.m2\repository\com\squareup\okhttp3\okhttp\4.12.0\okhttp-4.12.0.jar;C:\Users\My-PC\.m2\repository\com\squareup\okio\okio\3.6.0\okio-3.6.0.jar;C:\Users\My-PC\.m2\repository\com\squareup\okio\okio-jvm\3.6.0\okio-jvm-3.6.0.jar;C:\Users\My-PC\.m2\repository\org\jetbrains\kotlin\kotlin-stdlib-common\1.9.25\kotlin-stdlib-common-1.9.25.jar;C:\Users\My-PC\.m2\repository\org\jetbrains\kotlin\kotlin-stdlib-jdk8\1.9.25\kotlin-stdlib-jdk8-1.9.25.jar;C:\Users\My-PC\.m2\repository\org\jetbrains\kotlin\kotlin-stdlib\1.9.25\kotlin-stdlib-1.9.25.jar;C:\Users\My-PC\.m2\repository\org\jetbrains\annotations\13.0\annotations-13.0.jar;C:\Users\My-PC\.m2\repository\org\jetbrains\kotlin\kotlin-stdlib-jdk7\1.9.25\kotlin-stdlib-jdk7-1.9.25.jar;C:\Users\My-PC\.m2\repository\org\apache\logging\log4j\log4j-slf4j-impl\2.23.1\log4j-slf4j-impl-2.23.1.jar;C:\Users\My-PC\.m2\repository\org\apache\logging\log4j\log4j-api\2.23.1\log4j-api-2.23.1.jar;C:\Users\My-PC\.m2\repository\org\apache\logging\log4j\log4j-core\2.23.1\log4j-core-2.23.1.jar;C:\Users\My-PC\.m2\repository\com\google\code\gson\gson\2.10.1\gson-2.10.1.jar;C:\Users\My-PC\.m2\repository\commons-lang\commons-lang\2.0\commons-lang-2.0.jar;C:\Users\My-PC\.m2\repository\commons-io\commons-io\2.4\commons-io-2.4.jar
Launcher Type: SUN_STANDARD

[Global flags]
     intx CICompilerCount                          = 4                                         {product} {ergonomic}
     uint ConcGCThreads                            = 2                                         {product} {ergonomic}
     uint G1ConcRefinementThreads                  = 8                                         {product} {ergonomic}
   size_t G1HeapRegionSize                         = 1048576                                   {product} {ergonomic}
    uintx GCDrainStackTargetSize                   = 64                                        {product} {ergonomic}
   size_t InitialHeapSize                          = 67108864                                  {product} {ergonomic}
     bool ManagementServer                         = true                                      {product} {command line}
   size_t MarkStackSize                            = 4194304                                   {product} {ergonomic}
   size_t MaxHeapSize                              = 1061158912                                {product} {ergonomic}
   size_t MaxNewSize                               = 636485632                                 {product} {ergonomic}
   size_t MinHeapDeltaBytes                        = 1048576                                   {product} {ergonomic}
   size_t MinHeapSize                              = 8388608                                   {product} {ergonomic}
    uintx NonNMethodCodeHeapSize                   = 4096                                   {pd product} {ergonomic}
    uintx NonProfiledCodeHeapSize                  = 0                                      {pd product} {ergonomic}
     bool ProfileInterpreter                       = false                                  {pd product} {command line}
    uintx ProfiledCodeHeapSize                     = 0                                      {pd product} {ergonomic}
     bool ShowCodeDetailsInExceptionMessages       = true                                   {manageable} {command line}
   size_t SoftMaxHeapSize                          = 1061158912                             {manageable} {ergonomic}
     intx TieredStopAtLevel                        = 1                                         {product} {command line}
     bool UseCompressedOops                        = true                           {product lp64_product} {ergonomic}
     bool UseG1GC                                  = true                                      {product} {ergonomic}
     bool UseLargePagesIndividualAllocation        = false                                  {pd product} {ergonomic}

Logging:
Log output configuration:
 #0: stdout all=warning uptime,level,tags foldmultilines=false
 #1: stderr all=off uptime,level,tags foldmultilines=false

Environment Variables:
JAVA_HOME=E:\javawork\jdk-21.0.3
PATH=E:/javawork/sts-4.23.0.RELEASE//plugins/org.eclipse.justj.openjdk.hotspot.jre.full.win32.x86_64_21.0.3.v20240426-1530/jre/bin/server;E:/javawork/sts-4.23.0.RELEASE//plugins/org.eclipse.justj.openjdk.hotspot.jre.full.win32.x86_64_21.0.3.v20240426-1530/jre/bin;E:\javawork\jdk-21.0.3\bin;E:\javawork\apache-tomcat-10.1.24\bin;C:\Windows\system32;C:\Windows;C:\Windows\System32\Wbem;C:\Windows\System32\WindowsPowerShell\v1.0\;C:\Windows\System32\OpenSSH\;C:\Program Files\Microsoft SQL Server\Client SDK\ODBC\170\Tools\Binn\;C:\Program Files\dotnet\;C:\Program Files (x86)\Windows Kits\10\Windows Performance Toolkit\;C:\Program Files (x86)\Microsoft SQL Server\160\Tools\Binn\;C:\Program Files\Microsoft SQL Server\160\Tools\Binn\;C:\Program Files\Microsoft SQL Server\160\DTS\Binn\;C:\Program Files (x86)\Microsoft SQL Server\160\DTS\Binn\;C:\Program Files\Git\cmd;C:\Users\My-PC\AppData\Local\Microsoft\WindowsApps;C:\Users\My-PC\.dotnet\tools;C:\Users\My-PC\AppData\Local\Programs\Microsoft VS Code\bin;E:\work flutter\flutter\bin;E:\javawork\sts-4.23.0.RELEASE;
USERNAME=My-PC
OS=Windows_NT
PROCESSOR_IDENTIFIER=AMD64 Family 23 Model 1 Stepping 1, AuthenticAMD
TMP=C:\Users\My-PC\AppData\Local\Temp
TEMP=C:\Users\My-PC\AppData\Local\Temp




Periodic native trim disabled

---------------  S Y S T E M  ---------------

OS:
 Windows 10 , 64 bit Build 19041 (10.0.19041.5072)
OS uptime: 3 days 1:11 hours

CPU: total 8 (initial active 8) (8 cores per cpu, 2 threads per core) family 23 model 1 stepping 1 microcode 0x0, cx8, cmov, fxsr, ht, mmx, 3dnowpref, sse, sse2, sse3, ssse3, sse4a, sse4.1, sse4.2, popcnt, lzcnt, tsc, tscinvbit, avx, avx2, aes, clmul, bmi1, bmi2, adx, sha, fma, vzeroupper, clflush, clflushopt, rdtscp, f16c
Processor Information for all 8 processors :
  Max Mhz: 3200, Current Mhz: 3200, Mhz Limit: 3200

Memory: 4k page, system-wide physical 4047M (290M free)
TotalPageFile size 11800M (AvailPageFile size 3216M)
current process WorkingSet (physical memory assigned to process): 228M, peak: 228M
current process commit charge ("private bytes"): 286M, peak: 299M

vm_info: OpenJDK 64-Bit Server VM (21.0.3+9-LTS) for windows-amd64 JRE (21.0.3+9-LTS), built on 2024-04-16T00:00:00Z by "admin" with MS VC++ 17.7 (VS2022)

END.
